CRITICAL - 2023-02-06 12:44:56 --> file_get_contents(): php_network_getaddresses: getaddrinfo failed: No such host is known. 
in APPPATH\Controllers\Home.php on line 20.
 1 [internal function]: CodeIgniter\Debug\Exceptions->errorHandler(2, 'file_get_contents(): php_network_getaddresses: getaddrinfo failed: No such host is known. ', 'APPPATH\\Controllers\\Home.php', 20, [...])
 2 APPPATH\Controllers\Home.php(20): file_get_contents('https://api.myquran.com/v1/sholat/jadwal/1211/2023/02/06')
 3 SYSTEMPATH\CodeIgniter.php(904): App\Controllers\Home->index()
 4 SYSTEMPATH\CodeIgniter.php(457): CodeIgniter\CodeIgniter->runController(Object(App\Controllers\Home))
 5 SYSTEMPATH\CodeIgniter.php(340): CodeIgniter\CodeIgniter->handleRequest(null, Object(Config\Cache), false)
 6 FCPATH\index.php(67): CodeIgniter\CodeIgniter->run()
CRITICAL - 2023-02-06 12:45:01 --> file_get_contents(): php_network_getaddresses: getaddrinfo failed: No such host is known. 
in APPPATH\Controllers\Home.php on line 20.
 1 [internal function]: CodeIgniter\Debug\Exceptions->errorHandler(2, 'file_get_contents(): php_network_getaddresses: getaddrinfo failed: No such host is known. ', 'APPPATH\\Controllers\\Home.php', 20, [...])
 2 APPPATH\Controllers\Home.php(20): file_get_contents('https://api.myquran.com/v1/sholat/jadwal/1211/2023/02/06')
 3 SYSTEMPATH\CodeIgniter.php(904): App\Controllers\Home->index()
 4 SYSTEMPATH\CodeIgniter.php(457): CodeIgniter\CodeIgniter->runController(Object(App\Controllers\Home))
 5 SYSTEMPATH\CodeIgniter.php(340): CodeIgniter\CodeIgniter->handleRequest(null, Object(Config\Cache), false)
 6 FCPATH\index.php(67): CodeIgniter\CodeIgniter->run()
CRITICAL - 2023-02-06 12:45:18 --> file_get_contents(): php_network_getaddresses: getaddrinfo failed: No such host is known. 
in APPPATH\Controllers\Home.php on line 20.
 1 [internal function]: CodeIgniter\Debug\Exceptions->errorHandler(2, 'file_get_contents(): php_network_getaddresses: getaddrinfo failed: No such host is known. ', 'APPPATH\\Controllers\\Home.php', 20, [...])
 2 APPPATH\Controllers\Home.php(20): file_get_contents('https://api.myquran.com/v1/sholat/jadwal/1211/2023/02/06')
 3 SYSTEMPATH\CodeIgniter.php(904): App\Controllers\Home->index()
 4 SYSTEMPATH\CodeIgniter.php(457): CodeIgniter\CodeIgniter->runController(Object(App\Controllers\Home))
 5 SYSTEMPATH\CodeIgniter.php(340): CodeIgniter\CodeIgniter->handleRequest(null, Object(Config\Cache), false)
 6 FCPATH\index.php(67): CodeIgniter\CodeIgniter->run()
CRITICAL - 2023-02-06 12:45:28 --> file_get_contents(): php_network_getaddresses: getaddrinfo failed: No such host is known. 
in APPPATH\Controllers\Home.php on line 20.
 1 [internal function]: CodeIgniter\Debug\Exceptions->errorHandler(2, 'file_get_contents(): php_network_getaddresses: getaddrinfo failed: No such host is known. ', 'APPPATH\\Controllers\\Home.php', 20, [...])
 2 APPPATH\Controllers\Home.php(20): file_get_contents('https://api.myquran.com/v1/sholat/jadwal/1211/2023/02/06')
 3 SYSTEMPATH\CodeIgniter.php(904): App\Controllers\Home->index()
 4 SYSTEMPATH\CodeIgniter.php(457): CodeIgniter\CodeIgniter->runController(Object(App\Controllers\Home))
 5 SYSTEMPATH\CodeIgniter.php(340): CodeIgniter\CodeIgniter->handleRequest(null, Object(Config\Cache), false)
 6 FCPATH\index.php(67): CodeIgniter\CodeIgniter->run()
CRITICAL - 2023-02-06 12:49:48 --> file_get_contents(): php_network_getaddresses: getaddrinfo failed: No such host is known. 
in APPPATH\Controllers\Home.php on line 20.
 1 [internal function]: CodeIgniter\Debug\Exceptions->errorHandler(2, 'file_get_contents(): php_network_getaddresses: getaddrinfo failed: No such host is known. ', 'APPPATH\\Controllers\\Home.php', 20, [...])
 2 APPPATH\Controllers\Home.php(20): file_get_contents('https://api.myquran.com/v1/sholat/jadwal/1211/2023/02/06')
 3 SYSTEMPATH\CodeIgniter.php(904): App\Controllers\Home->index()
 4 SYSTEMPATH\CodeIgniter.php(457): CodeIgniter\CodeIgniter->runController(Object(App\Controllers\Home))
 5 SYSTEMPATH\CodeIgniter.php(340): CodeIgniter\CodeIgniter->handleRequest(null, Object(Config\Cache), false)
 6 FCPATH\index.php(67): CodeIgniter\CodeIgniter->run()
CRITICAL - 2023-02-06 13:00:14 --> file_get_contents(): php_network_getaddresses: getaddrinfo failed: No such host is known. 
in APPPATH\Controllers\Home.php on line 20.
 1 [internal function]: CodeIgniter\Debug\Exceptions->errorHandler(2, 'file_get_contents(): php_network_getaddresses: getaddrinfo failed: No such host is known. ', 'APPPATH\\Controllers\\Home.php', 20, [...])
 2 APPPATH\Controllers\Home.php(20): file_get_contents('https://api.myquran.com/v1/sholat/jadwal/1211/2023/02/06')
 3 SYSTEMPATH\CodeIgniter.php(904): App\Controllers\Home->index()
 4 SYSTEMPATH\CodeIgniter.php(457): CodeIgniter\CodeIgniter->runController(Object(App\Controllers\Home))
 5 SYSTEMPATH\CodeIgniter.php(340): CodeIgniter\CodeIgniter->handleRequest(null, Object(Config\Cache), false)
 6 FCPATH\index.php(67): CodeIgniter\CodeIgniter->run()
CRITICAL - 2023-02-06 13:02:33 --> Invalid file: v_rekap_kas_masjid.php
in SYSTEMPATH\Exceptions\FrameworkException.php on line 33.
 1 SYSTEMPATH\View\View.php(201): CodeIgniter\Exceptions\FrameworkException::forInvalidFile('v_rekap_kas_masjid.php')
 2 SYSTEMPATH\Common.php(1137): CodeIgniter\View\View->render('v_rekap_kas_masjid', [], true)
 3 APPPATH\Views\v_template_admin.php(271): view('v_rekap_kas_masjid')
 4 SYSTEMPATH\View\View.php(213): include('APPPATH\\Views\\v_template_admin.php')
 5 SYSTEMPATH\View\View.php(216): CodeIgniter\View\View->CodeIgniter\View\{closure}()
 6 SYSTEMPATH\Common.php(1137): CodeIgniter\View\View->render('v_template_admin', [], true)
 7 APPPATH\Controllers\KasMasjid.php(25): view('v_template_admin', [...])
 8 SYSTEMPATH\CodeIgniter.php(904): App\Controllers\KasMasjid->index()
 9 SYSTEMPATH\CodeIgniter.php(457): CodeIgniter\CodeIgniter->runController(Object(App\Controllers\KasMasjid))
10 SYSTEMPATH\CodeIgniter.php(340): CodeIgniter\CodeIgniter->handleRequest(null, Object(Config\Cache), false)
11 FCPATH\index.php(67): CodeIgniter\CodeIgniter->run()
CRITICAL - 2023-02-06 17:45:14 --> syntax error, unexpected 's' (T_STRING), expecting function (T_FUNCTION) or const (T_CONST)
in APPPATH\Controllers\KasMasjid.php on line 80.
 1 SYSTEMPATH\Router\Router.php(499): CodeIgniter\Router\AutoRouter->getRoute('KasMasjid/KasKeluar')
 2 SYSTEMPATH\Router\Router.php(205): CodeIgniter\Router\Router->autoRoute('KasMasjid/KasKeluar')
 3 SYSTEMPATH\CodeIgniter.php(779): CodeIgniter\Router\Router->handle('KasMasjid/KasKeluar')
 4 SYSTEMPATH\CodeIgniter.php(406): CodeIgniter\CodeIgniter->tryToRouteIt(Object(CodeIgniter\Router\RouteCollection))
 5 SYSTEMPATH\CodeIgniter.php(340): CodeIgniter\CodeIgniter->handleRequest(null, Object(Config\Cache), false)
 6 FCPATH\index.php(67): CodeIgniter\CodeIgniter->run()
CRITICAL - 2023-02-06 19:31:45 --> file_get_contents(): php_network_getaddresses: getaddrinfo failed: No such host is known. 
in APPPATH\Controllers\Home.php on line 20.
 1 [internal function]: CodeIgniter\Debug\Exceptions->errorHandler(2, 'file_get_contents(): php_network_getaddresses: getaddrinfo failed: No such host is known. ', 'APPPATH\\Controllers\\Home.php', 20, [...])
 2 APPPATH\Controllers\Home.php(20): file_get_contents('https://api.myquran.com/v1/sholat/jadwal/1211/2023/02/06')
 3 SYSTEMPATH\CodeIgniter.php(904): App\Controllers\Home->index()
 4 SYSTEMPATH\CodeIgniter.php(457): CodeIgniter\CodeIgniter->runController(Object(App\Controllers\Home))
 5 SYSTEMPATH\CodeIgniter.php(340): CodeIgniter\CodeIgniter->handleRequest(null, Object(Config\Cache), false)
 6 FCPATH\index.php(67): CodeIgniter\CodeIgniter->run()
