CRITICAL - 2023-02-09 10:59:54 --> Class 'App\Models\ModelTahun' not found
in APPPATH\Controllers\Qurban.php on line 13.
 1 SYSTEMPATH\CodeIgniter.php(866): App\Controllers\Qurban->__construct()
 2 SYSTEMPATH\CodeIgniter.php(448): CodeIgniter\CodeIgniter->createController()
 3 SYSTEMPATH\CodeIgniter.php(340): CodeIgniter\CodeIgniter->handleRequest(null, Object(Config\Cache), false)
 4 FCPATH\index.php(67): CodeIgniter\CodeIgniter->run()
CRITICAL - 2023-02-09 11:36:02 --> Use of undefined constant Y - assumed 'Y' (this will throw an Error in a future version of PHP)
in APPPATH\Views\qurban\v_tahun.php on line 36.
 1 APPPATH\Views\qurban\v_tahun.php(36): CodeIgniter\Debug\Exceptions->errorHandler(2, 'Use of undefined constant Y - assumed \'Y\' (this will throw an Error in a future version of PHP)', 'APPPATH\\Views\\qurban\\v_tahun.php', 36, [...])
 2 SYSTEMPATH\View\View.php(213): include('APPPATH\\Views\\qurban\\v_tahun.php')
 3 SYSTEMPATH\View\View.php(216): CodeIgniter\View\View->CodeIgniter\View\{closure}()
 4 SYSTEMPATH\Common.php(1137): CodeIgniter\View\View->render('qurban/v_tahun', [], true)
 5 APPPATH\Views\v_template_admin.php(290): view('qurban/v_tahun')
 6 SYSTEMPATH\View\View.php(213): include('APPPATH\\Views\\v_template_admin.php')
 7 SYSTEMPATH\View\View.php(216): CodeIgniter\View\View->CodeIgniter\View\{closure}()
 8 SYSTEMPATH\Common.php(1137): CodeIgniter\View\View->render('v_template_admin', [], true)
 9 APPPATH\Controllers\Tahun.php(25): view('v_template_admin', [...])
10 SYSTEMPATH\CodeIgniter.php(904): App\Controllers\Tahun->index()
11 SYSTEMPATH\CodeIgniter.php(457): CodeIgniter\CodeIgniter->runController(Object(App\Controllers\Tahun))
12 SYSTEMPATH\CodeIgniter.php(340): CodeIgniter\CodeIgniter->handleRequest(null, Object(Config\Cache), false)
13 FCPATH\index.php(67): CodeIgniter\CodeIgniter->run()
CRITICAL - 2023-02-09 12:56:19 --> Invalid argument supplied for foreach()
in APPPATH\Views\qurban\v_tahun_qurban.php on line 24.
 1 APPPATH\Views\qurban\v_tahun_qurban.php(24): CodeIgniter\Debug\Exceptions->errorHandler(2, 'Invalid argument supplied for foreach()', 'APPPATH\\Views\\qurban\\v_tahun_qurban.php', 24, [...])
 2 SYSTEMPATH\View\View.php(213): include('APPPATH\\Views\\qurban\\v_tahun_qurban.php')
 3 SYSTEMPATH\View\View.php(216): CodeIgniter\View\View->CodeIgniter\View\{closure}()
 4 SYSTEMPATH\Common.php(1137): CodeIgniter\View\View->render('qurban/v_tahun_qurban', [], true)
 5 APPPATH\Views\v_template_admin.php(290): view('qurban/v_tahun_qurban')
 6 SYSTEMPATH\View\View.php(213): include('APPPATH\\Views\\v_template_admin.php')
 7 SYSTEMPATH\View\View.php(216): CodeIgniter\View\View->CodeIgniter\View\{closure}()
 8 SYSTEMPATH\Common.php(1137): CodeIgniter\View\View->render('v_template_admin', [], true)
 9 APPPATH\Controllers\PesertaQurban.php(24): view('v_template_admin', [...])
10 SYSTEMPATH\CodeIgniter.php(904): App\Controllers\PesertaQurban->index()
11 SYSTEMPATH\CodeIgniter.php(457): CodeIgniter\CodeIgniter->runController(Object(App\Controllers\PesertaQurban))
12 SYSTEMPATH\CodeIgniter.php(340): CodeIgniter\CodeIgniter->handleRequest(null, Object(Config\Cache), false)
13 FCPATH\index.php(67): CodeIgniter\CodeIgniter->run()
CRITICAL - 2023-02-09 15:02:07 --> Use of undefined constant tahun - assumed 'tahun' (this will throw an Error in a future version of PHP)
in APPPATH\Controllers\PesertaQurban.php on line 34.
 1 APPPATH\Controllers\PesertaQurban.php(34): CodeIgniter\Debug\Exceptions->errorHandler(2, 'Use of undefined constant tahun - assumed \'tahun\' (this will throw an Error in a future version of PHP)', 'APPPATH\\Controllers\\PesertaQurban.php', 34, [...])
 2 SYSTEMPATH\CodeIgniter.php(904): App\Controllers\PesertaQurban->KelompokQurban('2')
 3 SYSTEMPATH\CodeIgniter.php(457): CodeIgniter\CodeIgniter->runController(Object(App\Controllers\PesertaQurban))
 4 SYSTEMPATH\CodeIgniter.php(340): CodeIgniter\CodeIgniter->handleRequest(null, Object(Config\Cache), false)
 5 FCPATH\index.php(67): CodeIgniter\CodeIgniter->run()
CRITICAL - 2023-02-09 15:17:27 --> Call to a member function AllDataKelompok() on null
in APPPATH\Controllers\PesertaQurban.php on line 39.
 1 SYSTEMPATH\CodeIgniter.php(904): App\Controllers\PesertaQurban->KelompokQurban('2')
 2 SYSTEMPATH\CodeIgniter.php(457): CodeIgniter\CodeIgniter->runController(Object(App\Controllers\PesertaQurban))
 3 SYSTEMPATH\CodeIgniter.php(340): CodeIgniter\CodeIgniter->handleRequest(null, Object(Config\Cache), false)
 4 FCPATH\index.php(67): CodeIgniter\CodeIgniter->run()
