CRITICAL - 2023-02-17 20:34:08 --> Invalid argument supplied for foreach()
in APPPATH\Views\kas-masjid\v_data_laporan.php on line 13.
 1 APPPATH\Views\kas-masjid\v_data_laporan.php(13): CodeIgniter\Debug\Exceptions->errorHandler(2, 'Invalid argument supplied for foreach()', 'APPPATH\\Views\\kas-masjid\\v_data_laporan.php', 13, [...])
 2 SYSTEMPATH\View\View.php(213): include('APPPATH\\Views\\kas-masjid\\v_data_laporan.php')
 3 SYSTEMPATH\View\View.php(216): CodeIgniter\View\View->CodeIgniter\View\{closure}()
 4 SYSTEMPATH\Common.php(1137): CodeIgniter\View\View->render('kas-masjid/v_data_laporan', [], true)
 5 APPPATH\Controllers\KasMasjid.php(151): view('kas-masjid/v_data_laporan')
 6 SYSTEMPATH\CodeIgniter.php(904): App\Controllers\KasMasjid->ViewLaporan()
 7 SYSTEMPATH\CodeIgniter.php(457): CodeIgniter\CodeIgniter->runController(Object(App\Controllers\KasMasjid))
 8 SYSTEMPATH\CodeIgniter.php(340): CodeIgniter\CodeIgniter->handleRequest(null, Object(Config\Cache), false)
 9 FCPATH\index.php(67): CodeIgniter\CodeIgniter->run()
CRITICAL - 2023-02-17 20:34:09 --> Invalid argument supplied for foreach()
in APPPATH\Views\kas-masjid\v_data_laporan.php on line 13.
 1 APPPATH\Views\kas-masjid\v_data_laporan.php(13): CodeIgniter\Debug\Exceptions->errorHandler(2, 'Invalid argument supplied for foreach()', 'APPPATH\\Views\\kas-masjid\\v_data_laporan.php', 13, [...])
 2 SYSTEMPATH\View\View.php(213): include('APPPATH\\Views\\kas-masjid\\v_data_laporan.php')
 3 SYSTEMPATH\View\View.php(216): CodeIgniter\View\View->CodeIgniter\View\{closure}()
 4 SYSTEMPATH\Common.php(1137): CodeIgniter\View\View->render('kas-masjid/v_data_laporan', [], true)
 5 APPPATH\Controllers\KasMasjid.php(151): view('kas-masjid/v_data_laporan')
 6 SYSTEMPATH\CodeIgniter.php(904): App\Controllers\KasMasjid->ViewLaporan()
 7 SYSTEMPATH\CodeIgniter.php(457): CodeIgniter\CodeIgniter->runController(Object(App\Controllers\KasMasjid))
 8 SYSTEMPATH\CodeIgniter.php(340): CodeIgniter\CodeIgniter->handleRequest(null, Object(Config\Cache), false)
 9 FCPATH\index.php(67): CodeIgniter\CodeIgniter->run()
CRITICAL - 2023-02-17 20:37:44 --> Invalid argument supplied for foreach()
in APPPATH\Views\kas-masjid\v_data_laporan.php on line 13.
 1 APPPATH\Views\kas-masjid\v_data_laporan.php(13): CodeIgniter\Debug\Exceptions->errorHandler(2, 'Invalid argument supplied for foreach()', 'APPPATH\\Views\\kas-masjid\\v_data_laporan.php', 13, [...])
 2 SYSTEMPATH\View\View.php(213): include('APPPATH\\Views\\kas-masjid\\v_data_laporan.php')
 3 SYSTEMPATH\View\View.php(216): CodeIgniter\View\View->CodeIgniter\View\{closure}()
 4 SYSTEMPATH\Common.php(1137): CodeIgniter\View\View->render('kas-masjid/v_data_laporan', [], true)
 5 APPPATH\Controllers\KasMasjid.php(152): view('kas-masjid/v_data_laporan')
 6 SYSTEMPATH\CodeIgniter.php(904): App\Controllers\KasMasjid->ViewLaporan()
 7 SYSTEMPATH\CodeIgniter.php(457): CodeIgniter\CodeIgniter->runController(Object(App\Controllers\KasMasjid))
 8 SYSTEMPATH\CodeIgniter.php(340): CodeIgniter\CodeIgniter->handleRequest(null, Object(Config\Cache), false)
 9 FCPATH\index.php(67): CodeIgniter\CodeIgniter->run()
CRITICAL - 2023-02-17 22:21:32 --> Call to a member function ViewSetting() on null
in APPPATH\Controllers\KasSosial.php on line 135.
 1 SYSTEMPATH\CodeIgniter.php(904): App\Controllers\KasSosial->Laporan()
 2 SYSTEMPATH\CodeIgniter.php(457): CodeIgniter\CodeIgniter->runController(Object(App\Controllers\KasSosial))
 3 SYSTEMPATH\CodeIgniter.php(340): CodeIgniter\CodeIgniter->handleRequest(null, Object(Config\Cache), false)
 4 FCPATH\index.php(67): CodeIgniter\CodeIgniter->run()
