ERROR - 2023-02-16 12:22:29 --> mysqli_sql_exception: Unknown column 'status' in 'order clause' in C:\xampp\htdocs\simasjid\system\Database\MySQLi\Connection.php:292
Stack trace:
#0 C:\xampp\htdocs\simasjid\system\Database\MySQLi\Connection.php(292): mysqli->query('SELECT `tbl_don...', 0)
#1 C:\xampp\htdocs\simasjid\system\Database\BaseConnection.php(693): CodeIgniter\Database\MySQLi\Connection->execute('SELECT `tbl_don...')
#2 C:\xampp\htdocs\simasjid\system\Database\BaseConnection.php(620): CodeIgniter\Database\BaseConnection->simpleQuery('SELECT `tbl_don...')
#3 C:\xampp\htdocs\simasjid\system\Database\BaseBuilder.php(1585): CodeIgniter\Database\BaseConnection->query('SELECT `tbl_don...', Array, false)
#4 C:\xampp\htdocs\simasjid\app\Models\ModelAdmin.php(52): CodeIgniter\Database\BaseBuilder->get()
#5 C:\xampp\htdocs\simasjid\app\Controllers\Admin.php(70): App\Models\ModelAdmin->AllDonasi()
#6 C:\xampp\htdocs\simasjid\system\CodeIgniter.php(904): App\Controllers\Admin->DonasiMasuk()
#7 C:\xampp\htdocs\simasjid\system\CodeIgniter.php(457): CodeIgniter\CodeIgniter->runController(Object(App\Controllers\Admin))
#8 C:\xampp\htdocs\simasjid\system\CodeIgniter.php(340): CodeIgniter\CodeIgniter->handleRequest(NULL, Object(Config\Cache), false)
#9 C:\xampp\htdocs\simasjid\public\index.php(67): CodeIgniter\CodeIgniter->run()
#10 {main}
CRITICAL - 2023-02-16 12:22:29 --> Call to a member function getResultArray() on bool
in APPPATH\Models\ModelAdmin.php on line 52.
 1 APPPATH\Controllers\Admin.php(70): App\Models\ModelAdmin->AllDonasi()
 2 SYSTEMPATH\CodeIgniter.php(904): App\Controllers\Admin->DonasiMasuk()
 3 SYSTEMPATH\CodeIgniter.php(457): CodeIgniter\CodeIgniter->runController(Object(App\Controllers\Admin))
 4 SYSTEMPATH\CodeIgniter.php(340): CodeIgniter\CodeIgniter->handleRequest(null, Object(Config\Cache), false)
 5 FCPATH\index.php(67): CodeIgniter\CodeIgniter->run()
