CRITICAL - 2023-02-05 18:09:40 --> syntax error, unexpected 'public' (T_PUBLIC)
in APPPATH\Controllers\KasMasjid.php on line 13.
 1 SYSTEMPATH\Router\Router.php(499): CodeIgniter\Router\AutoRouter->getRoute('KasMasjid')
 2 SYSTEMPATH\Router\Router.php(205): CodeIgniter\Router\Router->autoRoute('KasMasjid')
 3 SYSTEMPATH\CodeIgniter.php(779): CodeIgniter\Router\Router->handle('KasMasjid')
 4 SYSTEMPATH\CodeIgniter.php(406): CodeIgniter\CodeIgniter->tryToRouteIt(Object(CodeIgniter\Router\RouteCollection))
 5 SYSTEMPATH\CodeIgniter.php(340): CodeIgniter\CodeIgniter->handleRequest(null, Object(Config\Cache), false)
 6 FCPATH\index.php(67): CodeIgniter\CodeIgniter->run()
CRITICAL - 2023-02-05 21:31:33 --> array_sum() expects parameter 1 to be array, int given
in APPPATH\Views\v_rekap_kas_masjid.php on line 20.
 1 [internal function]: CodeIgniter\Debug\Exceptions->errorHandler(2, 'array_sum() expects parameter 1 to be array, int given', 'APPPATH\\Views\\v_rekap_kas_masjid.php', 20, [...])
 2 APPPATH\Views\v_rekap_kas_masjid.php(20): array_sum(0)
 3 SYSTEMPATH\View\View.php(213): include('APPPATH\\Views\\v_rekap_kas_masjid.php')
 4 SYSTEMPATH\View\View.php(216): CodeIgniter\View\View->CodeIgniter\View\{closure}()
 5 SYSTEMPATH\Common.php(1137): CodeIgniter\View\View->render('v_rekap_kas_masjid', [], true)
 6 APPPATH\Views\v_template_admin.php(271): view('v_rekap_kas_masjid')
 7 SYSTEMPATH\View\View.php(213): include('APPPATH\\Views\\v_template_admin.php')
 8 SYSTEMPATH\View\View.php(216): CodeIgniter\View\View->CodeIgniter\View\{closure}()
 9 SYSTEMPATH\Common.php(1137): CodeIgniter\View\View->render('v_template_admin', [], true)
10 APPPATH\Controllers\KasMasjid.php(25): view('v_template_admin', [...])
11 SYSTEMPATH\CodeIgniter.php(904): App\Controllers\KasMasjid->index()
12 SYSTEMPATH\CodeIgniter.php(457): CodeIgniter\CodeIgniter->runController(Object(App\Controllers\KasMasjid))
13 SYSTEMPATH\CodeIgniter.php(340): CodeIgniter\CodeIgniter->handleRequest(null, Object(Config\Cache), false)
14 FCPATH\index.php(67): CodeIgniter\CodeIgniter->run()
