CRITICAL - 2023-02-11 09:31:37 --> Call to a member function table() on null
in APPPATH\Views\qurban\v_kelompok_qurban.php on line 44.
 1 SYSTEMPATH\View\View.php(213): include()
 2 SYSTEMPATH\View\View.php(216): CodeIgniter\View\View->CodeIgniter\View\{closure}()
 3 SYSTEMPATH\Common.php(1137): CodeIgniter\View\View->render('qurban/v_kelompok_qurban', [], true)
 4 APPPATH\Views\v_template_admin.php(290): view('qurban/v_kelompok_qurban')
 5 SYSTEMPATH\View\View.php(213): include('APPPATH\\Views\\v_template_admin.php')
 6 SYSTEMPATH\View\View.php(216): CodeIgniter\View\View->CodeIgniter\View\{closure}()
 7 SYSTEMPATH\Common.php(1137): CodeIgniter\View\View->render('v_template_admin', [], true)
 8 APPPATH\Controllers\PesertaQurban.php(41): view('v_template_admin', [...])
 9 SYSTEMPATH\CodeIgniter.php(904): App\Controllers\PesertaQurban->KelompokQurban('1')
10 SYSTEMPATH\CodeIgniter.php(457): CodeIgniter\CodeIgniter->runController(Object(App\Controllers\PesertaQurban))
11 SYSTEMPATH\CodeIgniter.php(340): CodeIgniter\CodeIgniter->handleRequest(null, Object(Config\Cache), false)
12 FCPATH\index.php(67): CodeIgniter\CodeIgniter->run()
CRITICAL - 2023-02-11 12:20:37 --> array_sum() expects parameter 1 to be array, null given
in APPPATH\Views\qurban\v_kelompok_qurban.php on line 66.
 1 [internal function]: CodeIgniter\Debug\Exceptions->errorHandler(2, 'array_sum() expects parameter 1 to be array, null given', 'APPPATH\\Views\\qurban\\v_kelompok_qurban.php', 66, [...])
 2 APPPATH\Views\qurban\v_kelompok_qurban.php(66): array_sum(null)
 3 SYSTEMPATH\View\View.php(213): include('APPPATH\\Views\\qurban\\v_kelompok_qurban.php')
 4 SYSTEMPATH\View\View.php(216): CodeIgniter\View\View->CodeIgniter\View\{closure}()
 5 SYSTEMPATH\Common.php(1137): CodeIgniter\View\View->render('qurban/v_kelompok_qurban', [], true)
 6 APPPATH\Views\v_template_admin.php(290): view('qurban/v_kelompok_qurban')
 7 SYSTEMPATH\View\View.php(213): include('APPPATH\\Views\\v_template_admin.php')
 8 SYSTEMPATH\View\View.php(216): CodeIgniter\View\View->CodeIgniter\View\{closure}()
 9 SYSTEMPATH\Common.php(1137): CodeIgniter\View\View->render('v_template_admin', [], true)
10 APPPATH\Controllers\PesertaQurban.php(41): view('v_template_admin', [...])
11 SYSTEMPATH\CodeIgniter.php(904): App\Controllers\PesertaQurban->KelompokQurban('1')
12 SYSTEMPATH\CodeIgniter.php(457): CodeIgniter\CodeIgniter->runController(Object(App\Controllers\PesertaQurban))
13 SYSTEMPATH\CodeIgniter.php(340): CodeIgniter\CodeIgniter->handleRequest(null, Object(Config\Cache), false)
14 FCPATH\index.php(67): CodeIgniter\CodeIgniter->run()
CRITICAL - 2023-02-11 12:21:02 --> array_sum() expects parameter 1 to be array, null given
in APPPATH\Views\qurban\v_kelompok_qurban.php on line 66.
 1 [internal function]: CodeIgniter\Debug\Exceptions->errorHandler(2, 'array_sum() expects parameter 1 to be array, null given', 'APPPATH\\Views\\qurban\\v_kelompok_qurban.php', 66, [...])
 2 APPPATH\Views\qurban\v_kelompok_qurban.php(66): array_sum(null)
 3 SYSTEMPATH\View\View.php(213): include('APPPATH\\Views\\qurban\\v_kelompok_qurban.php')
 4 SYSTEMPATH\View\View.php(216): CodeIgniter\View\View->CodeIgniter\View\{closure}()
 5 SYSTEMPATH\Common.php(1137): CodeIgniter\View\View->render('qurban/v_kelompok_qurban', [], true)
 6 APPPATH\Views\v_template_admin.php(290): view('qurban/v_kelompok_qurban')
 7 SYSTEMPATH\View\View.php(213): include('APPPATH\\Views\\v_template_admin.php')
 8 SYSTEMPATH\View\View.php(216): CodeIgniter\View\View->CodeIgniter\View\{closure}()
 9 SYSTEMPATH\Common.php(1137): CodeIgniter\View\View->render('v_template_admin', [], true)
10 APPPATH\Controllers\PesertaQurban.php(41): view('v_template_admin', [...])
11 SYSTEMPATH\CodeIgniter.php(904): App\Controllers\PesertaQurban->KelompokQurban('1')
12 SYSTEMPATH\CodeIgniter.php(457): CodeIgniter\CodeIgniter->runController(Object(App\Controllers\PesertaQurban))
13 SYSTEMPATH\CodeIgniter.php(340): CodeIgniter\CodeIgniter->handleRequest(null, Object(Config\Cache), false)
14 FCPATH\index.php(67): CodeIgniter\CodeIgniter->run()
ERROR - 2023-02-11 14:43:34 --> mysqli_sql_exception: Table 'db-simasjid.tbl_anggota_kelompok' doesn't exist in C:\xampp\htdocs\simasjid\system\Database\MySQLi\Connection.php:292
Stack trace:
#0 C:\xampp\htdocs\simasjid\system\Database\MySQLi\Connection.php(292): mysqli->query('SELECT *\nFROM `...', 0)
#1 C:\xampp\htdocs\simasjid\system\Database\BaseConnection.php(693): CodeIgniter\Database\MySQLi\Connection->execute('SELECT *\nFROM `...')
#2 C:\xampp\htdocs\simasjid\system\Database\BaseConnection.php(620): CodeIgniter\Database\BaseConnection->simpleQuery('SELECT *\nFROM `...')
#3 C:\xampp\htdocs\simasjid\system\Database\BaseBuilder.php(1585): CodeIgniter\Database\BaseConnection->query('SELECT *\nFROM `...', Array, false)
#4 C:\xampp\htdocs\simasjid\app\Views\qurban\v_kelompok_qurban.php(46): CodeIgniter\Database\BaseBuilder->get()
#5 C:\xampp\htdocs\simasjid\system\View\View.php(213): include('C:\\xampp\\htdocs...')
#6 C:\xampp\htdocs\simasjid\system\View\View.php(216): CodeIgniter\View\View->CodeIgniter\View\{closure}()
#7 C:\xampp\htdocs\simasjid\system\Common.php(1137): CodeIgniter\View\View->render('qurban/v_kelomp...', Array, true)
#8 C:\xampp\htdocs\simasjid\app\Views\v_template_admin.php(290): view('qurban/v_kelomp...')
#9 C:\xampp\htdocs\simasjid\system\View\View.php(213): include('C:\\xampp\\htdocs...')
#10 C:\xampp\htdocs\simasjid\system\View\View.php(216): CodeIgniter\View\View->CodeIgniter\View\{closure}()
#11 C:\xampp\htdocs\simasjid\system\Common.php(1137): CodeIgniter\View\View->render('v_template_admi...', Array, true)
#12 C:\xampp\htdocs\simasjid\app\Controllers\PesertaQurban.php(41): view('v_template_admi...', Array)
#13 C:\xampp\htdocs\simasjid\system\CodeIgniter.php(904): App\Controllers\PesertaQurban->KelompokQurban('1')
#14 C:\xampp\htdocs\simasjid\system\CodeIgniter.php(457): CodeIgniter\CodeIgniter->runController(Object(App\Controllers\PesertaQurban))
#15 C:\xampp\htdocs\simasjid\system\CodeIgniter.php(340): CodeIgniter\CodeIgniter->handleRequest(NULL, Object(Config\Cache), false)
#16 C:\xampp\htdocs\simasjid\public\index.php(67): CodeIgniter\CodeIgniter->run()
#17 {main}
CRITICAL - 2023-02-11 14:43:34 --> Call to a member function getResultArray() on bool
in APPPATH\Views\qurban\v_kelompok_qurban.php on line 46.
 1 SYSTEMPATH\View\View.php(213): include()
 2 SYSTEMPATH\View\View.php(216): CodeIgniter\View\View->CodeIgniter\View\{closure}()
 3 SYSTEMPATH\Common.php(1137): CodeIgniter\View\View->render('qurban/v_kelompok_qurban', [], true)
 4 APPPATH\Views\v_template_admin.php(290): view('qurban/v_kelompok_qurban')
 5 SYSTEMPATH\View\View.php(213): include('APPPATH\\Views\\v_template_admin.php')
 6 SYSTEMPATH\View\View.php(216): CodeIgniter\View\View->CodeIgniter\View\{closure}()
 7 SYSTEMPATH\Common.php(1137): CodeIgniter\View\View->render('v_template_admin', [], true)
 8 APPPATH\Controllers\PesertaQurban.php(41): view('v_template_admin', [...])
 9 SYSTEMPATH\CodeIgniter.php(904): App\Controllers\PesertaQurban->KelompokQurban('1')
10 SYSTEMPATH\CodeIgniter.php(457): CodeIgniter\CodeIgniter->runController(Object(App\Controllers\PesertaQurban))
11 SYSTEMPATH\CodeIgniter.php(340): CodeIgniter\CodeIgniter->handleRequest(null, Object(Config\Cache), false)
12 FCPATH\index.php(67): CodeIgniter\CodeIgniter->run()
