CRITICAL - 2023-02-02 00:23:52 --> Email is not a valid rule.
in SYSTEMPATH\Validation\Validation.php on line 316.
 1 SYSTEMPATH\Validation\Validation.php(316): CodeIgniter\Validation\Exceptions\ValidationException::forRuleNotFound('Email')
 2 SYSTEMPATH\Validation\Validation.php(175): CodeIgniter\Validation\Validation->processRules('email', 'email', 'ROOTPATH\\public', [...], [...])
 3 SYSTEMPATH\Controller.php(140): CodeIgniter\Validation\Validation->run()
 4 APPPATH\Controllers\Login.php(29): CodeIgniter\Controller->validate([...])
 5 SYSTEMPATH\CodeIgniter.php(904): App\Controllers\Login->CekLogin()
 6 SYSTEMPATH\CodeIgniter.php(457): CodeIgniter\CodeIgniter->runController(Object(App\Controllers\Login))
 7 SYSTEMPATH\CodeIgniter.php(340): CodeIgniter\CodeIgniter->handleRequest(null, Object(Config\Cache), false)
 8 FCPATH\index.php(67): CodeIgniter\CodeIgniter->run()
CRITICAL - 2023-02-02 00:30:20 --> Email is not a valid rule.
in SYSTEMPATH\Validation\Validation.php on line 316.
 1 SYSTEMPATH\Validation\Validation.php(316): CodeIgniter\Validation\Exceptions\ValidationException::forRuleNotFound('Email')
 2 SYSTEMPATH\Validation\Validation.php(175): CodeIgniter\Validation\Validation->processRules('email', 'email', 'ROOTPATH\\public', [...], [...])
 3 SYSTEMPATH\Controller.php(140): CodeIgniter\Validation\Validation->run()
 4 APPPATH\Controllers\Login.php(29): CodeIgniter\Controller->validate([...])
 5 SYSTEMPATH\CodeIgniter.php(904): App\Controllers\Login->CekLogin()
 6 SYSTEMPATH\CodeIgniter.php(457): CodeIgniter\CodeIgniter->runController(Object(App\Controllers\Login))
 7 SYSTEMPATH\CodeIgniter.php(340): CodeIgniter\CodeIgniter->handleRequest(null, Object(Config\Cache), false)
 8 FCPATH\index.php(67): CodeIgniter\CodeIgniter->run()
CRITICAL - 2023-02-02 00:36:42 --> Call to a member function hasError() on null
in APPPATH\Views\v_login.php on line 38.
 1 SYSTEMPATH\View\View.php(213): include()
 2 SYSTEMPATH\View\View.php(216): CodeIgniter\View\View->CodeIgniter\View\{closure}()
 3 SYSTEMPATH\Common.php(1137): CodeIgniter\View\View->render('v_login', [], true)
 4 APPPATH\Controllers\Login.php(22): view('v_login', [...])
 5 SYSTEMPATH\CodeIgniter.php(904): App\Controllers\Login->index()
 6 SYSTEMPATH\CodeIgniter.php(457): CodeIgniter\CodeIgniter->runController(Object(App\Controllers\Login))
 7 SYSTEMPATH\CodeIgniter.php(340): CodeIgniter\CodeIgniter->handleRequest(null, Object(Config\Cache), false)
 8 FCPATH\index.php(67): CodeIgniter\CodeIgniter->run()
CRITICAL - 2023-02-02 00:37:26 --> Call to a member function hasError() on null
in APPPATH\Views\v_login.php on line 38.
 1 SYSTEMPATH\View\View.php(213): include()
 2 SYSTEMPATH\View\View.php(216): CodeIgniter\View\View->CodeIgniter\View\{closure}()
 3 SYSTEMPATH\Common.php(1137): CodeIgniter\View\View->render('v_login', [], true)
 4 APPPATH\Controllers\Login.php(22): view('v_login', [...])
 5 SYSTEMPATH\CodeIgniter.php(904): App\Controllers\Login->index()
 6 SYSTEMPATH\CodeIgniter.php(457): CodeIgniter\CodeIgniter->runController(Object(App\Controllers\Login))
 7 SYSTEMPATH\CodeIgniter.php(340): CodeIgniter\CodeIgniter->handleRequest(null, Object(Config\Cache), false)
 8 FCPATH\index.php(67): CodeIgniter\CodeIgniter->run()
CRITICAL - 2023-02-02 00:38:00 --> Call to a member function hasError() on null
in APPPATH\Views\v_login.php on line 38.
 1 SYSTEMPATH\View\View.php(213): include()
 2 SYSTEMPATH\View\View.php(216): CodeIgniter\View\View->CodeIgniter\View\{closure}()
 3 SYSTEMPATH\Common.php(1137): CodeIgniter\View\View->render('v_login', [], true)
 4 APPPATH\Controllers\Login.php(22): view('v_login', [...])
 5 SYSTEMPATH\CodeIgniter.php(904): App\Controllers\Login->index()
 6 SYSTEMPATH\CodeIgniter.php(457): CodeIgniter\CodeIgniter->runController(Object(App\Controllers\Login))
 7 SYSTEMPATH\CodeIgniter.php(340): CodeIgniter\CodeIgniter->handleRequest(null, Object(Config\Cache), false)
 8 FCPATH\index.php(67): CodeIgniter\CodeIgniter->run()
CRITICAL - 2023-02-02 00:38:18 --> Call to a member function hasError() on null
in APPPATH\Views\v_login.php on line 38.
 1 SYSTEMPATH\View\View.php(213): include()
 2 SYSTEMPATH\View\View.php(216): CodeIgniter\View\View->CodeIgniter\View\{closure}()
 3 SYSTEMPATH\Common.php(1137): CodeIgniter\View\View->render('v_login', [], true)
 4 APPPATH\Controllers\Login.php(22): view('v_login', [...])
 5 SYSTEMPATH\CodeIgniter.php(904): App\Controllers\Login->index()
 6 SYSTEMPATH\CodeIgniter.php(457): CodeIgniter\CodeIgniter->runController(Object(App\Controllers\Login))
 7 SYSTEMPATH\CodeIgniter.php(340): CodeIgniter\CodeIgniter->handleRequest(null, Object(Config\Cache), false)
 8 FCPATH\index.php(67): CodeIgniter\CodeIgniter->run()
CRITICAL - 2023-02-02 00:40:28 --> Call to a member function hasError() on null
in APPPATH\Views\v_login.php on line 38.
 1 SYSTEMPATH\View\View.php(213): include()
 2 SYSTEMPATH\View\View.php(216): CodeIgniter\View\View->CodeIgniter\View\{closure}()
 3 SYSTEMPATH\Common.php(1137): CodeIgniter\View\View->render('v_login', [], true)
 4 APPPATH\Controllers\Login.php(22): view('v_login', [...])
 5 SYSTEMPATH\CodeIgniter.php(904): App\Controllers\Login->index()
 6 SYSTEMPATH\CodeIgniter.php(457): CodeIgniter\CodeIgniter->runController(Object(App\Controllers\Login))
 7 SYSTEMPATH\CodeIgniter.php(340): CodeIgniter\CodeIgniter->handleRequest(null, Object(Config\Cache), false)
 8 FCPATH\index.php(67): CodeIgniter\CodeIgniter->run()
CRITICAL - 2023-02-02 00:40:37 --> Call to a member function hasError() on null
in APPPATH\Views\v_login.php on line 38.
 1 SYSTEMPATH\View\View.php(213): include()
 2 SYSTEMPATH\View\View.php(216): CodeIgniter\View\View->CodeIgniter\View\{closure}()
 3 SYSTEMPATH\Common.php(1137): CodeIgniter\View\View->render('v_login', [], true)
 4 APPPATH\Controllers\Login.php(22): view('v_login', [...])
 5 SYSTEMPATH\CodeIgniter.php(904): App\Controllers\Login->index()
 6 SYSTEMPATH\CodeIgniter.php(457): CodeIgniter\CodeIgniter->runController(Object(App\Controllers\Login))
 7 SYSTEMPATH\CodeIgniter.php(340): CodeIgniter\CodeIgniter->handleRequest(null, Object(Config\Cache), false)
 8 FCPATH\index.php(67): CodeIgniter\CodeIgniter->run()
CRITICAL - 2023-02-02 00:42:11 --> Call to a member function hasError() on null
in APPPATH\Views\v_login.php on line 38.
 1 SYSTEMPATH\View\View.php(213): include()
 2 SYSTEMPATH\View\View.php(216): CodeIgniter\View\View->CodeIgniter\View\{closure}()
 3 SYSTEMPATH\Common.php(1137): CodeIgniter\View\View->render('v_login', [], true)
 4 APPPATH\Controllers\Login.php(22): view('v_login', [...])
 5 SYSTEMPATH\CodeIgniter.php(904): App\Controllers\Login->index()
 6 SYSTEMPATH\CodeIgniter.php(457): CodeIgniter\CodeIgniter->runController(Object(App\Controllers\Login))
 7 SYSTEMPATH\CodeIgniter.php(340): CodeIgniter\CodeIgniter->handleRequest(null, Object(Config\Cache), false)
 8 FCPATH\index.php(67): CodeIgniter\CodeIgniter->run()
CRITICAL - 2023-02-02 00:44:15 --> Call to a member function hasError() on null
in APPPATH\Views\v_login.php on line 38.
 1 SYSTEMPATH\View\View.php(213): include()
 2 SYSTEMPATH\View\View.php(216): CodeIgniter\View\View->CodeIgniter\View\{closure}()
 3 SYSTEMPATH\Common.php(1137): CodeIgniter\View\View->render('v_login', [], true)
 4 APPPATH\Controllers\Login.php(22): view('v_login', [...])
 5 SYSTEMPATH\CodeIgniter.php(904): App\Controllers\Login->index()
 6 SYSTEMPATH\CodeIgniter.php(457): CodeIgniter\CodeIgniter->runController(Object(App\Controllers\Login))
 7 SYSTEMPATH\CodeIgniter.php(340): CodeIgniter\CodeIgniter->handleRequest(null, Object(Config\Cache), false)
 8 FCPATH\index.php(67): CodeIgniter\CodeIgniter->run()
CRITICAL - 2023-02-02 00:44:20 --> Call to a member function hasError() on null
in APPPATH\Views\v_login.php on line 38.
 1 SYSTEMPATH\View\View.php(213): include()
 2 SYSTEMPATH\View\View.php(216): CodeIgniter\View\View->CodeIgniter\View\{closure}()
 3 SYSTEMPATH\Common.php(1137): CodeIgniter\View\View->render('v_login', [], true)
 4 APPPATH\Controllers\Login.php(22): view('v_login', [...])
 5 SYSTEMPATH\CodeIgniter.php(904): App\Controllers\Login->index()
 6 SYSTEMPATH\CodeIgniter.php(457): CodeIgniter\CodeIgniter->runController(Object(App\Controllers\Login))
 7 SYSTEMPATH\CodeIgniter.php(340): CodeIgniter\CodeIgniter->handleRequest(null, Object(Config\Cache), false)
 8 FCPATH\index.php(67): CodeIgniter\CodeIgniter->run()
CRITICAL - 2023-02-02 00:45:12 --> Call to a member function hasError() on null
in APPPATH\Views\v_login.php on line 38.
 1 SYSTEMPATH\View\View.php(213): include()
 2 SYSTEMPATH\View\View.php(216): CodeIgniter\View\View->CodeIgniter\View\{closure}()
 3 SYSTEMPATH\Common.php(1137): CodeIgniter\View\View->render('v_login', [], true)
 4 APPPATH\Controllers\Login.php(22): view('v_login', [...])
 5 SYSTEMPATH\CodeIgniter.php(904): App\Controllers\Login->index()
 6 SYSTEMPATH\CodeIgniter.php(457): CodeIgniter\CodeIgniter->runController(Object(App\Controllers\Login))
 7 SYSTEMPATH\CodeIgniter.php(340): CodeIgniter\CodeIgniter->handleRequest(null, Object(Config\Cache), false)
 8 FCPATH\index.php(67): CodeIgniter\CodeIgniter->run()
CRITICAL - 2023-02-02 00:45:30 --> Call to a member function hasError() on null
in APPPATH\Views\v_login.php on line 38.
 1 SYSTEMPATH\View\View.php(213): include()
 2 SYSTEMPATH\View\View.php(216): CodeIgniter\View\View->CodeIgniter\View\{closure}()
 3 SYSTEMPATH\Common.php(1137): CodeIgniter\View\View->render('v_login', [], true)
 4 APPPATH\Controllers\Login.php(22): view('v_login', [...])
 5 SYSTEMPATH\CodeIgniter.php(904): App\Controllers\Login->index()
 6 SYSTEMPATH\CodeIgniter.php(457): CodeIgniter\CodeIgniter->runController(Object(App\Controllers\Login))
 7 SYSTEMPATH\CodeIgniter.php(340): CodeIgniter\CodeIgniter->handleRequest(null, Object(Config\Cache), false)
 8 FCPATH\index.php(67): CodeIgniter\CodeIgniter->run()
CRITICAL - 2023-02-02 00:48:03 --> Call to a member function hasError() on null
in APPPATH\Views\v_login.php on line 38.
 1 SYSTEMPATH\View\View.php(213): include()
 2 SYSTEMPATH\View\View.php(216): CodeIgniter\View\View->CodeIgniter\View\{closure}()
 3 SYSTEMPATH\Common.php(1137): CodeIgniter\View\View->render('v_login', [], true)
 4 APPPATH\Controllers\Login.php(22): view('v_login', [...])
 5 SYSTEMPATH\CodeIgniter.php(904): App\Controllers\Login->index()
 6 SYSTEMPATH\CodeIgniter.php(457): CodeIgniter\CodeIgniter->runController(Object(App\Controllers\Login))
 7 SYSTEMPATH\CodeIgniter.php(340): CodeIgniter\CodeIgniter->handleRequest(null, Object(Config\Cache), false)
 8 FCPATH\index.php(67): CodeIgniter\CodeIgniter->run()
CRITICAL - 2023-02-02 00:48:27 --> Call to a member function hasError() on null
in APPPATH\Views\v_login.php on line 38.
 1 SYSTEMPATH\View\View.php(213): include()
 2 SYSTEMPATH\View\View.php(216): CodeIgniter\View\View->CodeIgniter\View\{closure}()
 3 SYSTEMPATH\Common.php(1137): CodeIgniter\View\View->render('v_login', [], true)
 4 APPPATH\Controllers\Login.php(22): view('v_login', [...])
 5 SYSTEMPATH\CodeIgniter.php(904): App\Controllers\Login->index()
 6 SYSTEMPATH\CodeIgniter.php(457): CodeIgniter\CodeIgniter->runController(Object(App\Controllers\Login))
 7 SYSTEMPATH\CodeIgniter.php(340): CodeIgniter\CodeIgniter->handleRequest(null, Object(Config\Cache), false)
 8 FCPATH\index.php(67): CodeIgniter\CodeIgniter->run()
CRITICAL - 2023-02-02 00:49:12 --> Call to a member function hasErrors() on null
in APPPATH\Views\v_login.php on line 38.
 1 SYSTEMPATH\View\View.php(213): include()
 2 SYSTEMPATH\View\View.php(216): CodeIgniter\View\View->CodeIgniter\View\{closure}()
 3 SYSTEMPATH\Common.php(1137): CodeIgniter\View\View->render('v_login', [], true)
 4 APPPATH\Controllers\Login.php(22): view('v_login', [...])
 5 SYSTEMPATH\CodeIgniter.php(904): App\Controllers\Login->index()
 6 SYSTEMPATH\CodeIgniter.php(457): CodeIgniter\CodeIgniter->runController(Object(App\Controllers\Login))
 7 SYSTEMPATH\CodeIgniter.php(340): CodeIgniter\CodeIgniter->handleRequest(null, Object(Config\Cache), false)
 8 FCPATH\index.php(67): CodeIgniter\CodeIgniter->run()
CRITICAL - 2023-02-02 00:50:41 --> Call to a member function hasError() on null
in APPPATH\Views\v_login.php on line 38.
 1 SYSTEMPATH\View\View.php(213): include()
 2 SYSTEMPATH\View\View.php(216): CodeIgniter\View\View->CodeIgniter\View\{closure}()
 3 SYSTEMPATH\Common.php(1137): CodeIgniter\View\View->render('v_login', [], true)
 4 APPPATH\Controllers\Login.php(22): view('v_login', [...])
 5 SYSTEMPATH\CodeIgniter.php(904): App\Controllers\Login->index()
 6 SYSTEMPATH\CodeIgniter.php(457): CodeIgniter\CodeIgniter->runController(Object(App\Controllers\Login))
 7 SYSTEMPATH\CodeIgniter.php(340): CodeIgniter\CodeIgniter->handleRequest(null, Object(Config\Cache), false)
 8 FCPATH\index.php(67): CodeIgniter\CodeIgniter->run()
CRITICAL - 2023-02-02 00:51:58 --> Call to a member function hasError() on null
in APPPATH\Views\v_login.php on line 38.
 1 SYSTEMPATH\View\View.php(213): include()
 2 SYSTEMPATH\View\View.php(216): CodeIgniter\View\View->CodeIgniter\View\{closure}()
 3 SYSTEMPATH\Common.php(1137): CodeIgniter\View\View->render('v_login', [], true)
 4 APPPATH\Controllers\Login.php(22): view('v_login', [...])
 5 SYSTEMPATH\CodeIgniter.php(904): App\Controllers\Login->index()
 6 SYSTEMPATH\CodeIgniter.php(457): CodeIgniter\CodeIgniter->runController(Object(App\Controllers\Login))
 7 SYSTEMPATH\CodeIgniter.php(340): CodeIgniter\CodeIgniter->handleRequest(null, Object(Config\Cache), false)
 8 FCPATH\index.php(67): CodeIgniter\CodeIgniter->run()
CRITICAL - 2023-02-02 00:52:01 --> Call to a member function hasError() on null
in APPPATH\Views\v_login.php on line 38.
 1 SYSTEMPATH\View\View.php(213): include()
 2 SYSTEMPATH\View\View.php(216): CodeIgniter\View\View->CodeIgniter\View\{closure}()
 3 SYSTEMPATH\Common.php(1137): CodeIgniter\View\View->render('v_login', [], true)
 4 APPPATH\Controllers\Login.php(22): view('v_login', [...])
 5 SYSTEMPATH\CodeIgniter.php(904): App\Controllers\Login->index()
 6 SYSTEMPATH\CodeIgniter.php(457): CodeIgniter\CodeIgniter->runController(Object(App\Controllers\Login))
 7 SYSTEMPATH\CodeIgniter.php(340): CodeIgniter\CodeIgniter->handleRequest(null, Object(Config\Cache), false)
 8 FCPATH\index.php(67): CodeIgniter\CodeIgniter->run()
CRITICAL - 2023-02-02 00:52:03 --> Call to a member function hasError() on null
in APPPATH\Views\v_login.php on line 38.
 1 SYSTEMPATH\View\View.php(213): include()
 2 SYSTEMPATH\View\View.php(216): CodeIgniter\View\View->CodeIgniter\View\{closure}()
 3 SYSTEMPATH\Common.php(1137): CodeIgniter\View\View->render('v_login', [], true)
 4 APPPATH\Controllers\Login.php(22): view('v_login', [...])
 5 SYSTEMPATH\CodeIgniter.php(904): App\Controllers\Login->index()
 6 SYSTEMPATH\CodeIgniter.php(457): CodeIgniter\CodeIgniter->runController(Object(App\Controllers\Login))
 7 SYSTEMPATH\CodeIgniter.php(340): CodeIgniter\CodeIgniter->handleRequest(null, Object(Config\Cache), false)
 8 FCPATH\index.php(67): CodeIgniter\CodeIgniter->run()
CRITICAL - 2023-02-02 00:52:04 --> Call to a member function hasError() on null
in APPPATH\Views\v_login.php on line 38.
 1 SYSTEMPATH\View\View.php(213): include()
 2 SYSTEMPATH\View\View.php(216): CodeIgniter\View\View->CodeIgniter\View\{closure}()
 3 SYSTEMPATH\Common.php(1137): CodeIgniter\View\View->render('v_login', [], true)
 4 APPPATH\Controllers\Login.php(22): view('v_login', [...])
 5 SYSTEMPATH\CodeIgniter.php(904): App\Controllers\Login->index()
 6 SYSTEMPATH\CodeIgniter.php(457): CodeIgniter\CodeIgniter->runController(Object(App\Controllers\Login))
 7 SYSTEMPATH\CodeIgniter.php(340): CodeIgniter\CodeIgniter->handleRequest(null, Object(Config\Cache), false)
 8 FCPATH\index.php(67): CodeIgniter\CodeIgniter->run()
CRITICAL - 2023-02-02 00:52:04 --> Call to a member function hasError() on null
in APPPATH\Views\v_login.php on line 38.
 1 SYSTEMPATH\View\View.php(213): include()
 2 SYSTEMPATH\View\View.php(216): CodeIgniter\View\View->CodeIgniter\View\{closure}()
 3 SYSTEMPATH\Common.php(1137): CodeIgniter\View\View->render('v_login', [], true)
 4 APPPATH\Controllers\Login.php(22): view('v_login', [...])
 5 SYSTEMPATH\CodeIgniter.php(904): App\Controllers\Login->index()
 6 SYSTEMPATH\CodeIgniter.php(457): CodeIgniter\CodeIgniter->runController(Object(App\Controllers\Login))
 7 SYSTEMPATH\CodeIgniter.php(340): CodeIgniter\CodeIgniter->handleRequest(null, Object(Config\Cache), false)
 8 FCPATH\index.php(67): CodeIgniter\CodeIgniter->run()
CRITICAL - 2023-02-02 00:52:05 --> Call to a member function hasError() on null
in APPPATH\Views\v_login.php on line 38.
 1 SYSTEMPATH\View\View.php(213): include()
 2 SYSTEMPATH\View\View.php(216): CodeIgniter\View\View->CodeIgniter\View\{closure}()
 3 SYSTEMPATH\Common.php(1137): CodeIgniter\View\View->render('v_login', [], true)
 4 APPPATH\Controllers\Login.php(22): view('v_login', [...])
 5 SYSTEMPATH\CodeIgniter.php(904): App\Controllers\Login->index()
 6 SYSTEMPATH\CodeIgniter.php(457): CodeIgniter\CodeIgniter->runController(Object(App\Controllers\Login))
 7 SYSTEMPATH\CodeIgniter.php(340): CodeIgniter\CodeIgniter->handleRequest(null, Object(Config\Cache), false)
 8 FCPATH\index.php(67): CodeIgniter\CodeIgniter->run()
CRITICAL - 2023-02-02 00:52:07 --> Call to a member function hasError() on null
in APPPATH\Views\v_login.php on line 38.
 1 SYSTEMPATH\View\View.php(213): include()
 2 SYSTEMPATH\View\View.php(216): CodeIgniter\View\View->CodeIgniter\View\{closure}()
 3 SYSTEMPATH\Common.php(1137): CodeIgniter\View\View->render('v_login', [], true)
 4 APPPATH\Controllers\Login.php(22): view('v_login', [...])
 5 SYSTEMPATH\CodeIgniter.php(904): App\Controllers\Login->index()
 6 SYSTEMPATH\CodeIgniter.php(457): CodeIgniter\CodeIgniter->runController(Object(App\Controllers\Login))
 7 SYSTEMPATH\CodeIgniter.php(340): CodeIgniter\CodeIgniter->handleRequest(null, Object(Config\Cache), false)
 8 FCPATH\index.php(67): CodeIgniter\CodeIgniter->run()
CRITICAL - 2023-02-02 00:56:52 --> Call to a member function hasError() on null
in APPPATH\Views\v_login.php on line 38.
 1 SYSTEMPATH\View\View.php(213): include()
 2 SYSTEMPATH\View\View.php(216): CodeIgniter\View\View->CodeIgniter\View\{closure}()
 3 SYSTEMPATH\Common.php(1137): CodeIgniter\View\View->render('v_login', [], true)
 4 APPPATH\Controllers\Login.php(22): view('v_login', [...])
 5 SYSTEMPATH\CodeIgniter.php(904): App\Controllers\Login->index()
 6 SYSTEMPATH\CodeIgniter.php(457): CodeIgniter\CodeIgniter->runController(Object(App\Controllers\Login))
 7 SYSTEMPATH\CodeIgniter.php(340): CodeIgniter\CodeIgniter->handleRequest(null, Object(Config\Cache), false)
 8 FCPATH\index.php(67): CodeIgniter\CodeIgniter->run()
CRITICAL - 2023-02-02 00:58:52 --> Call to a member function hasError() on null
in APPPATH\Views\v_login.php on line 38.
 1 SYSTEMPATH\View\View.php(213): include()
 2 SYSTEMPATH\View\View.php(216): CodeIgniter\View\View->CodeIgniter\View\{closure}()
 3 SYSTEMPATH\Common.php(1137): CodeIgniter\View\View->render('v_login', [], true)
 4 APPPATH\Controllers\Login.php(22): view('v_login', [...])
 5 SYSTEMPATH\CodeIgniter.php(904): App\Controllers\Login->index()
 6 SYSTEMPATH\CodeIgniter.php(457): CodeIgniter\CodeIgniter->runController(Object(App\Controllers\Login))
 7 SYSTEMPATH\CodeIgniter.php(340): CodeIgniter\CodeIgniter->handleRequest(null, Object(Config\Cache), false)
 8 FCPATH\index.php(67): CodeIgniter\CodeIgniter->run()
CRITICAL - 2023-02-02 00:59:12 --> Call to a member function hasError() on null
in APPPATH\Views\v_login.php on line 38.
 1 SYSTEMPATH\View\View.php(213): include()
 2 SYSTEMPATH\View\View.php(216): CodeIgniter\View\View->CodeIgniter\View\{closure}()
 3 SYSTEMPATH\Common.php(1137): CodeIgniter\View\View->render('v_login', [], true)
 4 APPPATH\Controllers\Login.php(22): view('v_login', [...])
 5 SYSTEMPATH\CodeIgniter.php(904): App\Controllers\Login->index()
 6 SYSTEMPATH\CodeIgniter.php(457): CodeIgniter\CodeIgniter->runController(Object(App\Controllers\Login))
 7 SYSTEMPATH\CodeIgniter.php(340): CodeIgniter\CodeIgniter->handleRequest(null, Object(Config\Cache), false)
 8 FCPATH\index.php(67): CodeIgniter\CodeIgniter->run()
CRITICAL - 2023-02-02 01:01:59 --> Call to a member function hasError() on null
in APPPATH\Views\v_login.php on line 38.
 1 SYSTEMPATH\View\View.php(213): include()
 2 SYSTEMPATH\View\View.php(216): CodeIgniter\View\View->CodeIgniter\View\{closure}()
 3 SYSTEMPATH\Common.php(1137): CodeIgniter\View\View->render('v_login', [], true)
 4 APPPATH\Controllers\Login.php(22): view('v_login', [...])
 5 SYSTEMPATH\CodeIgniter.php(904): App\Controllers\Login->index()
 6 SYSTEMPATH\CodeIgniter.php(457): CodeIgniter\CodeIgniter->runController(Object(App\Controllers\Login))
 7 SYSTEMPATH\CodeIgniter.php(340): CodeIgniter\CodeIgniter->handleRequest(null, Object(Config\Cache), false)
 8 FCPATH\index.php(67): CodeIgniter\CodeIgniter->run()
CRITICAL - 2023-02-02 01:03:09 --> Call to a member function hasError() on null
in APPPATH\Views\v_login.php on line 38.
 1 SYSTEMPATH\View\View.php(213): include()
 2 SYSTEMPATH\View\View.php(216): CodeIgniter\View\View->CodeIgniter\View\{closure}()
 3 SYSTEMPATH\Common.php(1137): CodeIgniter\View\View->render('v_login', [], true)
 4 APPPATH\Controllers\Login.php(22): view('v_login', [...])
 5 SYSTEMPATH\CodeIgniter.php(904): App\Controllers\Login->index()
 6 SYSTEMPATH\CodeIgniter.php(457): CodeIgniter\CodeIgniter->runController(Object(App\Controllers\Login))
 7 SYSTEMPATH\CodeIgniter.php(340): CodeIgniter\CodeIgniter->handleRequest(null, Object(Config\Cache), false)
 8 FCPATH\index.php(67): CodeIgniter\CodeIgniter->run()
CRITICAL - 2023-02-02 01:06:16 --> Call to a member function hasError() on null
in APPPATH\Views\v_login.php on line 38.
 1 SYSTEMPATH\View\View.php(213): include()
 2 SYSTEMPATH\View\View.php(216): CodeIgniter\View\View->CodeIgniter\View\{closure}()
 3 SYSTEMPATH\Common.php(1137): CodeIgniter\View\View->render('v_login', [], true)
 4 APPPATH\Controllers\Login.php(22): view('v_login', [...])
 5 SYSTEMPATH\CodeIgniter.php(904): App\Controllers\Login->index()
 6 SYSTEMPATH\CodeIgniter.php(457): CodeIgniter\CodeIgniter->runController(Object(App\Controllers\Login))
 7 SYSTEMPATH\CodeIgniter.php(340): CodeIgniter\CodeIgniter->handleRequest(null, Object(Config\Cache), false)
 8 FCPATH\index.php(67): CodeIgniter\CodeIgniter->run()
CRITICAL - 2023-02-02 01:15:05 --> Call to a member function hasError() on null
in APPPATH\Views\v_login.php on line 38.
 1 SYSTEMPATH\View\View.php(213): include()
 2 SYSTEMPATH\View\View.php(216): CodeIgniter\View\View->CodeIgniter\View\{closure}()
 3 SYSTEMPATH\Common.php(1137): CodeIgniter\View\View->render('v_login', [], true)
 4 APPPATH\Controllers\Login.php(22): view('v_login', [...])
 5 SYSTEMPATH\CodeIgniter.php(904): App\Controllers\Login->index()
 6 SYSTEMPATH\CodeIgniter.php(457): CodeIgniter\CodeIgniter->runController(Object(App\Controllers\Login))
 7 SYSTEMPATH\CodeIgniter.php(340): CodeIgniter\CodeIgniter->handleRequest(null, Object(Config\Cache), false)
 8 FCPATH\index.php(67): CodeIgniter\CodeIgniter->run()
CRITICAL - 2023-02-02 01:19:24 --> Call to a member function hasError() on null
in APPPATH\Views\v_login.php on line 38.
 1 SYSTEMPATH\View\View.php(213): include()
 2 SYSTEMPATH\View\View.php(216): CodeIgniter\View\View->CodeIgniter\View\{closure}()
 3 SYSTEMPATH\Common.php(1137): CodeIgniter\View\View->render('v_login', [], true)
 4 APPPATH\Controllers\Login.php(22): view('v_login', [...])
 5 SYSTEMPATH\CodeIgniter.php(904): App\Controllers\Login->index()
 6 SYSTEMPATH\CodeIgniter.php(457): CodeIgniter\CodeIgniter->runController(Object(App\Controllers\Login))
 7 SYSTEMPATH\CodeIgniter.php(340): CodeIgniter\CodeIgniter->handleRequest(null, Object(Config\Cache), false)
 8 FCPATH\index.php(67): CodeIgniter\CodeIgniter->run()
CRITICAL - 2023-02-02 01:21:26 --> Call to a member function hasError() on null
in APPPATH\Views\v_login.php on line 38.
 1 SYSTEMPATH\View\View.php(213): include()
 2 SYSTEMPATH\View\View.php(216): CodeIgniter\View\View->CodeIgniter\View\{closure}()
 3 SYSTEMPATH\Common.php(1137): CodeIgniter\View\View->render('v_login', [], true)
 4 APPPATH\Controllers\Login.php(22): view('v_login', [...])
 5 SYSTEMPATH\CodeIgniter.php(904): App\Controllers\Login->index()
 6 SYSTEMPATH\CodeIgniter.php(457): CodeIgniter\CodeIgniter->runController(Object(App\Controllers\Login))
 7 SYSTEMPATH\CodeIgniter.php(340): CodeIgniter\CodeIgniter->handleRequest(null, Object(Config\Cache), false)
 8 FCPATH\index.php(67): CodeIgniter\CodeIgniter->run()
CRITICAL - 2023-02-02 01:24:23 --> Call to a member function hasError() on null
in APPPATH\Views\v_login.php on line 38.
 1 SYSTEMPATH\View\View.php(213): include()
 2 SYSTEMPATH\View\View.php(216): CodeIgniter\View\View->CodeIgniter\View\{closure}()
 3 SYSTEMPATH\Common.php(1137): CodeIgniter\View\View->render('v_login', [], true)
 4 APPPATH\Controllers\Login.php(22): view('v_login', [...])
 5 SYSTEMPATH\CodeIgniter.php(904): App\Controllers\Login->index()
 6 SYSTEMPATH\CodeIgniter.php(457): CodeIgniter\CodeIgniter->runController(Object(App\Controllers\Login))
 7 SYSTEMPATH\CodeIgniter.php(340): CodeIgniter\CodeIgniter->handleRequest(null, Object(Config\Cache), false)
 8 FCPATH\index.php(67): CodeIgniter\CodeIgniter->run()
CRITICAL - 2023-02-02 01:24:25 --> Call to a member function hasError() on null
in APPPATH\Views\v_login.php on line 38.
 1 SYSTEMPATH\View\View.php(213): include()
 2 SYSTEMPATH\View\View.php(216): CodeIgniter\View\View->CodeIgniter\View\{closure}()
 3 SYSTEMPATH\Common.php(1137): CodeIgniter\View\View->render('v_login', [], true)
 4 APPPATH\Controllers\Login.php(22): view('v_login', [...])
 5 SYSTEMPATH\CodeIgniter.php(904): App\Controllers\Login->index()
 6 SYSTEMPATH\CodeIgniter.php(457): CodeIgniter\CodeIgniter->runController(Object(App\Controllers\Login))
 7 SYSTEMPATH\CodeIgniter.php(340): CodeIgniter\CodeIgniter->handleRequest(null, Object(Config\Cache), false)
 8 FCPATH\index.php(67): CodeIgniter\CodeIgniter->run()
CRITICAL - 2023-02-02 01:24:26 --> Call to a member function hasError() on null
in APPPATH\Views\v_login.php on line 38.
 1 SYSTEMPATH\View\View.php(213): include()
 2 SYSTEMPATH\View\View.php(216): CodeIgniter\View\View->CodeIgniter\View\{closure}()
 3 SYSTEMPATH\Common.php(1137): CodeIgniter\View\View->render('v_login', [], true)
 4 APPPATH\Controllers\Login.php(22): view('v_login', [...])
 5 SYSTEMPATH\CodeIgniter.php(904): App\Controllers\Login->index()
 6 SYSTEMPATH\CodeIgniter.php(457): CodeIgniter\CodeIgniter->runController(Object(App\Controllers\Login))
 7 SYSTEMPATH\CodeIgniter.php(340): CodeIgniter\CodeIgniter->handleRequest(null, Object(Config\Cache), false)
 8 FCPATH\index.php(67): CodeIgniter\CodeIgniter->run()
CRITICAL - 2023-02-02 01:24:28 --> Call to a member function hasError() on null
in APPPATH\Views\v_login.php on line 38.
 1 SYSTEMPATH\View\View.php(213): include()
 2 SYSTEMPATH\View\View.php(216): CodeIgniter\View\View->CodeIgniter\View\{closure}()
 3 SYSTEMPATH\Common.php(1137): CodeIgniter\View\View->render('v_login', [], true)
 4 APPPATH\Controllers\Login.php(22): view('v_login', [...])
 5 SYSTEMPATH\CodeIgniter.php(904): App\Controllers\Login->index()
 6 SYSTEMPATH\CodeIgniter.php(457): CodeIgniter\CodeIgniter->runController(Object(App\Controllers\Login))
 7 SYSTEMPATH\CodeIgniter.php(340): CodeIgniter\CodeIgniter->handleRequest(null, Object(Config\Cache), false)
 8 FCPATH\index.php(67): CodeIgniter\CodeIgniter->run()
CRITICAL - 2023-02-02 01:24:31 --> Call to a member function hasError() on null
in APPPATH\Views\v_login.php on line 38.
 1 SYSTEMPATH\View\View.php(213): include()
 2 SYSTEMPATH\View\View.php(216): CodeIgniter\View\View->CodeIgniter\View\{closure}()
 3 SYSTEMPATH\Common.php(1137): CodeIgniter\View\View->render('v_login', [], true)
 4 APPPATH\Controllers\Login.php(22): view('v_login', [...])
 5 SYSTEMPATH\CodeIgniter.php(904): App\Controllers\Login->index()
 6 SYSTEMPATH\CodeIgniter.php(457): CodeIgniter\CodeIgniter->runController(Object(App\Controllers\Login))
 7 SYSTEMPATH\CodeIgniter.php(340): CodeIgniter\CodeIgniter->handleRequest(null, Object(Config\Cache), false)
 8 FCPATH\index.php(67): CodeIgniter\CodeIgniter->run()
CRITICAL - 2023-02-02 01:29:28 --> Call to a member function hasError() on null
in APPPATH\Views\v_login.php on line 38.
 1 SYSTEMPATH\View\View.php(213): include()
 2 SYSTEMPATH\View\View.php(216): CodeIgniter\View\View->CodeIgniter\View\{closure}()
 3 SYSTEMPATH\Common.php(1137): CodeIgniter\View\View->render('v_login', [], true)
 4 APPPATH\Controllers\Login.php(22): view('v_login', [...])
 5 SYSTEMPATH\CodeIgniter.php(904): App\Controllers\Login->index()
 6 SYSTEMPATH\CodeIgniter.php(457): CodeIgniter\CodeIgniter->runController(Object(App\Controllers\Login))
 7 SYSTEMPATH\CodeIgniter.php(340): CodeIgniter\CodeIgniter->handleRequest(null, Object(Config\Cache), false)
 8 FCPATH\index.php(67): CodeIgniter\CodeIgniter->run()
CRITICAL - 2023-02-02 01:29:50 --> Call to a member function hasError() on null
in APPPATH\Views\v_login.php on line 38.
 1 SYSTEMPATH\View\View.php(213): include()
 2 SYSTEMPATH\View\View.php(216): CodeIgniter\View\View->CodeIgniter\View\{closure}()
 3 SYSTEMPATH\Common.php(1137): CodeIgniter\View\View->render('v_login', [], true)
 4 APPPATH\Controllers\Login.php(22): view('v_login', [...])
 5 SYSTEMPATH\CodeIgniter.php(904): App\Controllers\Login->index()
 6 SYSTEMPATH\CodeIgniter.php(457): CodeIgniter\CodeIgniter->runController(Object(App\Controllers\Login))
 7 SYSTEMPATH\CodeIgniter.php(340): CodeIgniter\CodeIgniter->handleRequest(null, Object(Config\Cache), false)
 8 FCPATH\index.php(67): CodeIgniter\CodeIgniter->run()
CRITICAL - 2023-02-02 01:30:06 --> Undefined variable: validation
in APPPATH\Views\v_login.php on line 38.
 1 APPPATH\Views\v_login.php(38): CodeIgniter\Debug\Exceptions->errorHandler(8, 'Undefined variable: validation', 'APPPATH\\Views\\v_login.php', 38, [...])
 2 SYSTEMPATH\View\View.php(213): include('APPPATH\\Views\\v_login.php')
 3 SYSTEMPATH\View\View.php(216): CodeIgniter\View\View->CodeIgniter\View\{closure}()
 4 SYSTEMPATH\Common.php(1137): CodeIgniter\View\View->render('v_login', [], true)
 5 APPPATH\Controllers\Login.php(22): view('v_login', [...])
 6 SYSTEMPATH\CodeIgniter.php(904): App\Controllers\Login->index()
 7 SYSTEMPATH\CodeIgniter.php(457): CodeIgniter\CodeIgniter->runController(Object(App\Controllers\Login))
 8 SYSTEMPATH\CodeIgniter.php(340): CodeIgniter\CodeIgniter->handleRequest(null, Object(Config\Cache), false)
 9 FCPATH\index.php(67): CodeIgniter\CodeIgniter->run()
CRITICAL - 2023-02-02 01:30:08 --> Undefined variable: validation
in APPPATH\Views\v_login.php on line 38.
 1 APPPATH\Views\v_login.php(38): CodeIgniter\Debug\Exceptions->errorHandler(8, 'Undefined variable: validation', 'APPPATH\\Views\\v_login.php', 38, [...])
 2 SYSTEMPATH\View\View.php(213): include('APPPATH\\Views\\v_login.php')
 3 SYSTEMPATH\View\View.php(216): CodeIgniter\View\View->CodeIgniter\View\{closure}()
 4 SYSTEMPATH\Common.php(1137): CodeIgniter\View\View->render('v_login', [], true)
 5 APPPATH\Controllers\Login.php(22): view('v_login', [...])
 6 SYSTEMPATH\CodeIgniter.php(904): App\Controllers\Login->index()
 7 SYSTEMPATH\CodeIgniter.php(457): CodeIgniter\CodeIgniter->runController(Object(App\Controllers\Login))
 8 SYSTEMPATH\CodeIgniter.php(340): CodeIgniter\CodeIgniter->handleRequest(null, Object(Config\Cache), false)
 9 FCPATH\index.php(67): CodeIgniter\CodeIgniter->run()
CRITICAL - 2023-02-02 01:30:08 --> Undefined variable: validation
in APPPATH\Views\v_login.php on line 38.
 1 APPPATH\Views\v_login.php(38): CodeIgniter\Debug\Exceptions->errorHandler(8, 'Undefined variable: validation', 'APPPATH\\Views\\v_login.php', 38, [...])
 2 SYSTEMPATH\View\View.php(213): include('APPPATH\\Views\\v_login.php')
 3 SYSTEMPATH\View\View.php(216): CodeIgniter\View\View->CodeIgniter\View\{closure}()
 4 SYSTEMPATH\Common.php(1137): CodeIgniter\View\View->render('v_login', [], true)
 5 APPPATH\Controllers\Login.php(22): view('v_login', [...])
 6 SYSTEMPATH\CodeIgniter.php(904): App\Controllers\Login->index()
 7 SYSTEMPATH\CodeIgniter.php(457): CodeIgniter\CodeIgniter->runController(Object(App\Controllers\Login))
 8 SYSTEMPATH\CodeIgniter.php(340): CodeIgniter\CodeIgniter->handleRequest(null, Object(Config\Cache), false)
 9 FCPATH\index.php(67): CodeIgniter\CodeIgniter->run()
CRITICAL - 2023-02-02 01:30:09 --> Undefined variable: validation
in APPPATH\Views\v_login.php on line 38.
 1 APPPATH\Views\v_login.php(38): CodeIgniter\Debug\Exceptions->errorHandler(8, 'Undefined variable: validation', 'APPPATH\\Views\\v_login.php', 38, [...])
 2 SYSTEMPATH\View\View.php(213): include('APPPATH\\Views\\v_login.php')
 3 SYSTEMPATH\View\View.php(216): CodeIgniter\View\View->CodeIgniter\View\{closure}()
 4 SYSTEMPATH\Common.php(1137): CodeIgniter\View\View->render('v_login', [], true)
 5 APPPATH\Controllers\Login.php(22): view('v_login', [...])
 6 SYSTEMPATH\CodeIgniter.php(904): App\Controllers\Login->index()
 7 SYSTEMPATH\CodeIgniter.php(457): CodeIgniter\CodeIgniter->runController(Object(App\Controllers\Login))
 8 SYSTEMPATH\CodeIgniter.php(340): CodeIgniter\CodeIgniter->handleRequest(null, Object(Config\Cache), false)
 9 FCPATH\index.php(67): CodeIgniter\CodeIgniter->run()
CRITICAL - 2023-02-02 01:30:10 --> Undefined variable: validation
in APPPATH\Views\v_login.php on line 38.
 1 APPPATH\Views\v_login.php(38): CodeIgniter\Debug\Exceptions->errorHandler(8, 'Undefined variable: validation', 'APPPATH\\Views\\v_login.php', 38, [...])
 2 SYSTEMPATH\View\View.php(213): include('APPPATH\\Views\\v_login.php')
 3 SYSTEMPATH\View\View.php(216): CodeIgniter\View\View->CodeIgniter\View\{closure}()
 4 SYSTEMPATH\Common.php(1137): CodeIgniter\View\View->render('v_login', [], true)
 5 APPPATH\Controllers\Login.php(22): view('v_login', [...])
 6 SYSTEMPATH\CodeIgniter.php(904): App\Controllers\Login->index()
 7 SYSTEMPATH\CodeIgniter.php(457): CodeIgniter\CodeIgniter->runController(Object(App\Controllers\Login))
 8 SYSTEMPATH\CodeIgniter.php(340): CodeIgniter\CodeIgniter->handleRequest(null, Object(Config\Cache), false)
 9 FCPATH\index.php(67): CodeIgniter\CodeIgniter->run()
CRITICAL - 2023-02-02 01:30:11 --> Undefined variable: validation
in APPPATH\Views\v_login.php on line 38.
 1 APPPATH\Views\v_login.php(38): CodeIgniter\Debug\Exceptions->errorHandler(8, 'Undefined variable: validation', 'APPPATH\\Views\\v_login.php', 38, [...])
 2 SYSTEMPATH\View\View.php(213): include('APPPATH\\Views\\v_login.php')
 3 SYSTEMPATH\View\View.php(216): CodeIgniter\View\View->CodeIgniter\View\{closure}()
 4 SYSTEMPATH\Common.php(1137): CodeIgniter\View\View->render('v_login', [], true)
 5 APPPATH\Controllers\Login.php(22): view('v_login', [...])
 6 SYSTEMPATH\CodeIgniter.php(904): App\Controllers\Login->index()
 7 SYSTEMPATH\CodeIgniter.php(457): CodeIgniter\CodeIgniter->runController(Object(App\Controllers\Login))
 8 SYSTEMPATH\CodeIgniter.php(340): CodeIgniter\CodeIgniter->handleRequest(null, Object(Config\Cache), false)
 9 FCPATH\index.php(67): CodeIgniter\CodeIgniter->run()
CRITICAL - 2023-02-02 01:30:12 --> Undefined variable: validation
in APPPATH\Views\v_login.php on line 38.
 1 APPPATH\Views\v_login.php(38): CodeIgniter\Debug\Exceptions->errorHandler(8, 'Undefined variable: validation', 'APPPATH\\Views\\v_login.php', 38, [...])
 2 SYSTEMPATH\View\View.php(213): include('APPPATH\\Views\\v_login.php')
 3 SYSTEMPATH\View\View.php(216): CodeIgniter\View\View->CodeIgniter\View\{closure}()
 4 SYSTEMPATH\Common.php(1137): CodeIgniter\View\View->render('v_login', [], true)
 5 APPPATH\Controllers\Login.php(22): view('v_login', [...])
 6 SYSTEMPATH\CodeIgniter.php(904): App\Controllers\Login->index()
 7 SYSTEMPATH\CodeIgniter.php(457): CodeIgniter\CodeIgniter->runController(Object(App\Controllers\Login))
 8 SYSTEMPATH\CodeIgniter.php(340): CodeIgniter\CodeIgniter->handleRequest(null, Object(Config\Cache), false)
 9 FCPATH\index.php(67): CodeIgniter\CodeIgniter->run()
CRITICAL - 2023-02-02 01:30:22 --> Call to a member function hasError() on null
in APPPATH\Views\v_login.php on line 38.
 1 SYSTEMPATH\View\View.php(213): include()
 2 SYSTEMPATH\View\View.php(216): CodeIgniter\View\View->CodeIgniter\View\{closure}()
 3 SYSTEMPATH\Common.php(1137): CodeIgniter\View\View->render('v_login', [], true)
 4 APPPATH\Controllers\Login.php(22): view('v_login', [...])
 5 SYSTEMPATH\CodeIgniter.php(904): App\Controllers\Login->index()
 6 SYSTEMPATH\CodeIgniter.php(457): CodeIgniter\CodeIgniter->runController(Object(App\Controllers\Login))
 7 SYSTEMPATH\CodeIgniter.php(340): CodeIgniter\CodeIgniter->handleRequest(null, Object(Config\Cache), false)
 8 FCPATH\index.php(67): CodeIgniter\CodeIgniter->run()
CRITICAL - 2023-02-02 01:32:38 --> Call to a member function hasError() on null
in APPPATH\Views\v_login.php on line 38.
 1 SYSTEMPATH\View\View.php(213): include()
 2 SYSTEMPATH\View\View.php(216): CodeIgniter\View\View->CodeIgniter\View\{closure}()
 3 SYSTEMPATH\Common.php(1137): CodeIgniter\View\View->render('v_login', [], true)
 4 APPPATH\Controllers\Login.php(22): view('v_login', [...])
 5 SYSTEMPATH\CodeIgniter.php(904): App\Controllers\Login->index()
 6 SYSTEMPATH\CodeIgniter.php(457): CodeIgniter\CodeIgniter->runController(Object(App\Controllers\Login))
 7 SYSTEMPATH\CodeIgniter.php(340): CodeIgniter\CodeIgniter->handleRequest(null, Object(Config\Cache), false)
 8 FCPATH\index.php(67): CodeIgniter\CodeIgniter->run()
CRITICAL - 2023-02-02 01:43:28 --> Call to a member function hasError() on null
in APPPATH\Views\v_login.php on line 38.
 1 SYSTEMPATH\View\View.php(213): include()
 2 SYSTEMPATH\View\View.php(216): CodeIgniter\View\View->CodeIgniter\View\{closure}()
 3 SYSTEMPATH\Common.php(1137): CodeIgniter\View\View->render('v_login', [], true)
 4 APPPATH\Controllers\Login.php(22): view('v_login', [...])
 5 SYSTEMPATH\CodeIgniter.php(904): App\Controllers\Login->index()
 6 SYSTEMPATH\CodeIgniter.php(457): CodeIgniter\CodeIgniter->runController(Object(App\Controllers\Login))
 7 SYSTEMPATH\CodeIgniter.php(340): CodeIgniter\CodeIgniter->handleRequest(null, Object(Config\Cache), false)
 8 FCPATH\index.php(67): CodeIgniter\CodeIgniter->run()
CRITICAL - 2023-02-02 01:44:49 --> Call to a member function hasError() on null
in APPPATH\Views\v_login.php on line 46.
 1 SYSTEMPATH\View\View.php(213): include()
 2 SYSTEMPATH\View\View.php(216): CodeIgniter\View\View->CodeIgniter\View\{closure}()
 3 SYSTEMPATH\Common.php(1137): CodeIgniter\View\View->render('v_login', [], true)
 4 APPPATH\Controllers\Login.php(22): view('v_login', [...])
 5 SYSTEMPATH\CodeIgniter.php(904): App\Controllers\Login->index()
 6 SYSTEMPATH\CodeIgniter.php(457): CodeIgniter\CodeIgniter->runController(Object(App\Controllers\Login))
 7 SYSTEMPATH\CodeIgniter.php(340): CodeIgniter\CodeIgniter->handleRequest(null, Object(Config\Cache), false)
 8 FCPATH\index.php(67): CodeIgniter\CodeIgniter->run()
CRITICAL - 2023-02-02 01:56:22 --> E-Mail is not a valid rule.
in SYSTEMPATH\Validation\Validation.php on line 316.
 1 SYSTEMPATH\Validation\Validation.php(316): CodeIgniter\Validation\Exceptions\ValidationException::forRuleNotFound('E-Mail')
 2 SYSTEMPATH\Validation\Validation.php(175): CodeIgniter\Validation\Validation->processRules('email', 'email', 'ROOTPATH\\public', [...], [...])
 3 SYSTEMPATH\Controller.php(140): CodeIgniter\Validation\Validation->run()
 4 APPPATH\Controllers\Login.php(29): CodeIgniter\Controller->validate([...])
 5 SYSTEMPATH\CodeIgniter.php(904): App\Controllers\Login->CekLogin()
 6 SYSTEMPATH\CodeIgniter.php(457): CodeIgniter\CodeIgniter->runController(Object(App\Controllers\Login))
 7 SYSTEMPATH\CodeIgniter.php(340): CodeIgniter\CodeIgniter->handleRequest(null, Object(Config\Cache), false)
 8 FCPATH\index.php(67): CodeIgniter\CodeIgniter->run()
CRITICAL - 2023-02-02 01:57:21 --> E-Mail is not a valid rule.
in SYSTEMPATH\Validation\Validation.php on line 316.
 1 SYSTEMPATH\Validation\Validation.php(316): CodeIgniter\Validation\Exceptions\ValidationException::forRuleNotFound('E-Mail')
 2 SYSTEMPATH\Validation\Validation.php(175): CodeIgniter\Validation\Validation->processRules('email', 'email', 'ROOTPATH\\public', [...], [...])
 3 SYSTEMPATH\Controller.php(140): CodeIgniter\Validation\Validation->run()
 4 APPPATH\Controllers\Login.php(29): CodeIgniter\Controller->validate([...])
 5 SYSTEMPATH\CodeIgniter.php(904): App\Controllers\Login->CekLogin()
 6 SYSTEMPATH\CodeIgniter.php(457): CodeIgniter\CodeIgniter->runController(Object(App\Controllers\Login))
 7 SYSTEMPATH\CodeIgniter.php(340): CodeIgniter\CodeIgniter->handleRequest(null, Object(Config\Cache), false)
 8 FCPATH\index.php(67): CodeIgniter\CodeIgniter->run()
CRITICAL - 2023-02-02 02:01:26 --> E-Mail is not a valid rule.
in SYSTEMPATH\Validation\Validation.php on line 316.
 1 SYSTEMPATH\Validation\Validation.php(316): CodeIgniter\Validation\Exceptions\ValidationException::forRuleNotFound('E-Mail')
 2 SYSTEMPATH\Validation\Validation.php(175): CodeIgniter\Validation\Validation->processRules('email', 'email', 'ROOTPATH\\public', [...], [...])
 3 SYSTEMPATH\Controller.php(140): CodeIgniter\Validation\Validation->run()
 4 APPPATH\Controllers\Login.php(29): CodeIgniter\Controller->validate([...])
 5 SYSTEMPATH\CodeIgniter.php(904): App\Controllers\Login->CekLogin()
 6 SYSTEMPATH\CodeIgniter.php(457): CodeIgniter\CodeIgniter->runController(Object(App\Controllers\Login))
 7 SYSTEMPATH\CodeIgniter.php(340): CodeIgniter\CodeIgniter->handleRequest(null, Object(Config\Cache), false)
 8 FCPATH\index.php(67): CodeIgniter\CodeIgniter->run()
CRITICAL - 2023-02-02 02:01:45 --> E-Mail is not a valid rule.
in SYSTEMPATH\Validation\Validation.php on line 316.
 1 SYSTEMPATH\Validation\Validation.php(316): CodeIgniter\Validation\Exceptions\ValidationException::forRuleNotFound('E-Mail')
 2 SYSTEMPATH\Validation\Validation.php(175): CodeIgniter\Validation\Validation->processRules('email', 'email', 'ROOTPATH\\public', [...], [...])
 3 SYSTEMPATH\Controller.php(140): CodeIgniter\Validation\Validation->run()
 4 APPPATH\Controllers\Login.php(29): CodeIgniter\Controller->validate([...])
 5 SYSTEMPATH\CodeIgniter.php(904): App\Controllers\Login->CekLogin()
 6 SYSTEMPATH\CodeIgniter.php(457): CodeIgniter\CodeIgniter->runController(Object(App\Controllers\Login))
 7 SYSTEMPATH\CodeIgniter.php(340): CodeIgniter\CodeIgniter->handleRequest(null, Object(Config\Cache), false)
 8 FCPATH\index.php(67): CodeIgniter\CodeIgniter->run()
CRITICAL - 2023-02-02 02:01:49 --> E-Mail is not a valid rule.
in SYSTEMPATH\Validation\Validation.php on line 316.
 1 SYSTEMPATH\Validation\Validation.php(316): CodeIgniter\Validation\Exceptions\ValidationException::forRuleNotFound('E-Mail')
 2 SYSTEMPATH\Validation\Validation.php(175): CodeIgniter\Validation\Validation->processRules('email', 'email', 'ROOTPATH\\public', [...], [...])
 3 SYSTEMPATH\Controller.php(140): CodeIgniter\Validation\Validation->run()
 4 APPPATH\Controllers\Login.php(29): CodeIgniter\Controller->validate([...])
 5 SYSTEMPATH\CodeIgniter.php(904): App\Controllers\Login->CekLogin()
 6 SYSTEMPATH\CodeIgniter.php(457): CodeIgniter\CodeIgniter->runController(Object(App\Controllers\Login))
 7 SYSTEMPATH\CodeIgniter.php(340): CodeIgniter\CodeIgniter->handleRequest(null, Object(Config\Cache), false)
 8 FCPATH\index.php(67): CodeIgniter\CodeIgniter->run()
CRITICAL - 2023-02-02 02:04:03 --> E-Mail is not a valid rule.
in SYSTEMPATH\Validation\Validation.php on line 316.
 1 SYSTEMPATH\Validation\Validation.php(316): CodeIgniter\Validation\Exceptions\ValidationException::forRuleNotFound('E-Mail')
 2 SYSTEMPATH\Validation\Validation.php(175): CodeIgniter\Validation\Validation->processRules('email', 'email', 'ROOTPATH\\public', [...], [...])
 3 SYSTEMPATH\Controller.php(140): CodeIgniter\Validation\Validation->run()
 4 APPPATH\Controllers\Login.php(29): CodeIgniter\Controller->validate([...])
 5 SYSTEMPATH\CodeIgniter.php(904): App\Controllers\Login->CekLogin()
 6 SYSTEMPATH\CodeIgniter.php(457): CodeIgniter\CodeIgniter->runController(Object(App\Controllers\Login))
 7 SYSTEMPATH\CodeIgniter.php(340): CodeIgniter\CodeIgniter->handleRequest(null, Object(Config\Cache), false)
 8 FCPATH\index.php(67): CodeIgniter\CodeIgniter->run()
CRITICAL - 2023-02-02 02:05:09 --> E-Mail is not a valid rule.
in SYSTEMPATH\Validation\Validation.php on line 316.
 1 SYSTEMPATH\Validation\Validation.php(316): CodeIgniter\Validation\Exceptions\ValidationException::forRuleNotFound('E-Mail')
 2 SYSTEMPATH\Validation\Validation.php(175): CodeIgniter\Validation\Validation->processRules('email', 'email', 'ROOTPATH\\public', [...], [...])
 3 SYSTEMPATH\Controller.php(140): CodeIgniter\Validation\Validation->run()
 4 APPPATH\Controllers\Login.php(29): CodeIgniter\Controller->validate([...])
 5 SYSTEMPATH\CodeIgniter.php(904): App\Controllers\Login->CekLogin()
 6 SYSTEMPATH\CodeIgniter.php(457): CodeIgniter\CodeIgniter->runController(Object(App\Controllers\Login))
 7 SYSTEMPATH\CodeIgniter.php(340): CodeIgniter\CodeIgniter->handleRequest(null, Object(Config\Cache), false)
 8 FCPATH\index.php(67): CodeIgniter\CodeIgniter->run()
CRITICAL - 2023-02-02 02:08:58 --> E-Mail is not a valid rule.
in SYSTEMPATH\Validation\Validation.php on line 316.
 1 SYSTEMPATH\Validation\Validation.php(316): CodeIgniter\Validation\Exceptions\ValidationException::forRuleNotFound('E-Mail')
 2 SYSTEMPATH\Validation\Validation.php(175): CodeIgniter\Validation\Validation->processRules('email', 'email', 'ROOTPATH\\public', [...], [...])
 3 SYSTEMPATH\Controller.php(140): CodeIgniter\Validation\Validation->run()
 4 APPPATH\Controllers\Login.php(29): CodeIgniter\Controller->validate([...])
 5 SYSTEMPATH\CodeIgniter.php(904): App\Controllers\Login->CekLogin()
 6 SYSTEMPATH\CodeIgniter.php(457): CodeIgniter\CodeIgniter->runController(Object(App\Controllers\Login))
 7 SYSTEMPATH\CodeIgniter.php(340): CodeIgniter\CodeIgniter->handleRequest(null, Object(Config\Cache), false)
 8 FCPATH\index.php(67): CodeIgniter\CodeIgniter->run()
CRITICAL - 2023-02-02 02:09:24 --> E-Mail is not a valid rule.
in SYSTEMPATH\Validation\Validation.php on line 316.
 1 SYSTEMPATH\Validation\Validation.php(316): CodeIgniter\Validation\Exceptions\ValidationException::forRuleNotFound('E-Mail')
 2 SYSTEMPATH\Validation\Validation.php(175): CodeIgniter\Validation\Validation->processRules('email', 'email', 'ROOTPATH\\public', [...], [...])
 3 SYSTEMPATH\Controller.php(140): CodeIgniter\Validation\Validation->run()
 4 APPPATH\Controllers\Login.php(29): CodeIgniter\Controller->validate([...])
 5 SYSTEMPATH\CodeIgniter.php(904): App\Controllers\Login->CekLogin()
 6 SYSTEMPATH\CodeIgniter.php(457): CodeIgniter\CodeIgniter->runController(Object(App\Controllers\Login))
 7 SYSTEMPATH\CodeIgniter.php(340): CodeIgniter\CodeIgniter->handleRequest(null, Object(Config\Cache), false)
 8 FCPATH\index.php(67): CodeIgniter\CodeIgniter->run()
CRITICAL - 2023-02-02 02:34:40 --> Class 'onfig\Services' not found
in APPPATH\Controllers\Login.php on line 45.
 1 SYSTEMPATH\CodeIgniter.php(904): App\Controllers\Login->CekLogin()
 2 SYSTEMPATH\CodeIgniter.php(457): CodeIgniter\CodeIgniter->runController(Object(App\Controllers\Login))
 3 SYSTEMPATH\CodeIgniter.php(340): CodeIgniter\CodeIgniter->handleRequest(null, Object(Config\Cache), false)
 4 FCPATH\index.php(67): CodeIgniter\CodeIgniter->run()
ERROR - 2023-02-02 03:03:21 --> mysqli_sql_exception: Table 'db-simasjid.tbl_user' doesn't exist in C:\xampp\htdocs\simasjid\system\Database\MySQLi\Connection.php:292
Stack trace:
#0 C:\xampp\htdocs\simasjid\system\Database\MySQLi\Connection.php(292): mysqli->query('SELECT *\nFROM `...', 0)
#1 C:\xampp\htdocs\simasjid\system\Database\BaseConnection.php(693): CodeIgniter\Database\MySQLi\Connection->execute('SELECT *\nFROM `...')
#2 C:\xampp\htdocs\simasjid\system\Database\BaseConnection.php(620): CodeIgniter\Database\BaseConnection->simpleQuery('SELECT *\nFROM `...')
#3 C:\xampp\htdocs\simasjid\system\Database\BaseBuilder.php(1585): CodeIgniter\Database\BaseConnection->query('SELECT *\nFROM `...', Array, false)
#4 C:\xampp\htdocs\simasjid\app\Models\ModelLogin.php(14): CodeIgniter\Database\BaseBuilder->get()
#5 C:\xampp\htdocs\simasjid\app\Controllers\Login.php(45): App\Models\ModelLogin->CekUser('haha@gmail.com', 'wewee')
#6 C:\xampp\htdocs\simasjid\system\CodeIgniter.php(904): App\Controllers\Login->CekLogin()
#7 C:\xampp\htdocs\simasjid\system\CodeIgniter.php(457): CodeIgniter\CodeIgniter->runController(Object(App\Controllers\Login))
#8 C:\xampp\htdocs\simasjid\system\CodeIgniter.php(340): CodeIgniter\CodeIgniter->handleRequest(NULL, Object(Config\Cache), false)
#9 C:\xampp\htdocs\simasjid\public\index.php(67): CodeIgniter\CodeIgniter->run()
#10 {main}
CRITICAL - 2023-02-02 03:03:21 --> Call to a member function getRowArray() on bool
in APPPATH\Models\ModelLogin.php on line 14.
 1 APPPATH\Controllers\Login.php(45): App\Models\ModelLogin->CekUser('haha@gmail.com', 'wewee')
 2 SYSTEMPATH\CodeIgniter.php(904): App\Controllers\Login->CekLogin()
 3 SYSTEMPATH\CodeIgniter.php(457): CodeIgniter\CodeIgniter->runController(Object(App\Controllers\Login))
 4 SYSTEMPATH\CodeIgniter.php(340): CodeIgniter\CodeIgniter->handleRequest(null, Object(Config\Cache), false)
 5 FCPATH\index.php(67): CodeIgniter\CodeIgniter->run()
ERROR - 2023-02-02 03:04:19 --> mysqli_sql_exception: Table 'db-simasjid.tbl_user' doesn't exist in C:\xampp\htdocs\simasjid\system\Database\MySQLi\Connection.php:292
Stack trace:
#0 C:\xampp\htdocs\simasjid\system\Database\MySQLi\Connection.php(292): mysqli->query('SELECT *\nFROM `...', 0)
#1 C:\xampp\htdocs\simasjid\system\Database\BaseConnection.php(693): CodeIgniter\Database\MySQLi\Connection->execute('SELECT *\nFROM `...')
#2 C:\xampp\htdocs\simasjid\system\Database\BaseConnection.php(620): CodeIgniter\Database\BaseConnection->simpleQuery('SELECT *\nFROM `...')
#3 C:\xampp\htdocs\simasjid\system\Database\BaseBuilder.php(1585): CodeIgniter\Database\BaseConnection->query('SELECT *\nFROM `...', Array, false)
#4 C:\xampp\htdocs\simasjid\app\Models\ModelLogin.php(14): CodeIgniter\Database\BaseBuilder->get()
#5 C:\xampp\htdocs\simasjid\app\Controllers\Login.php(45): App\Models\ModelLogin->CekUser('haha@gmail.com', 'fwf')
#6 C:\xampp\htdocs\simasjid\system\CodeIgniter.php(904): App\Controllers\Login->CekLogin()
#7 C:\xampp\htdocs\simasjid\system\CodeIgniter.php(457): CodeIgniter\CodeIgniter->runController(Object(App\Controllers\Login))
#8 C:\xampp\htdocs\simasjid\system\CodeIgniter.php(340): CodeIgniter\CodeIgniter->handleRequest(NULL, Object(Config\Cache), false)
#9 C:\xampp\htdocs\simasjid\public\index.php(67): CodeIgniter\CodeIgniter->run()
#10 {main}
CRITICAL - 2023-02-02 03:04:19 --> Call to a member function getRowArray() on bool
in APPPATH\Models\ModelLogin.php on line 14.
 1 APPPATH\Controllers\Login.php(45): App\Models\ModelLogin->CekUser('haha@gmail.com', 'fwf')
 2 SYSTEMPATH\CodeIgniter.php(904): App\Controllers\Login->CekLogin()
 3 SYSTEMPATH\CodeIgniter.php(457): CodeIgniter\CodeIgniter->runController(Object(App\Controllers\Login))
 4 SYSTEMPATH\CodeIgniter.php(340): CodeIgniter\CodeIgniter->handleRequest(null, Object(Config\Cache), false)
 5 FCPATH\index.php(67): CodeIgniter\CodeIgniter->run()
ERROR - 2023-02-02 03:07:39 --> mysqli_sql_exception: Table 'db-simasjid.tbl_user' doesn't exist in C:\xampp\htdocs\simasjid\system\Database\MySQLi\Connection.php:292
Stack trace:
#0 C:\xampp\htdocs\simasjid\system\Database\MySQLi\Connection.php(292): mysqli->query('SELECT *\nFROM `...', 0)
#1 C:\xampp\htdocs\simasjid\system\Database\BaseConnection.php(693): CodeIgniter\Database\MySQLi\Connection->execute('SELECT *\nFROM `...')
#2 C:\xampp\htdocs\simasjid\system\Database\BaseConnection.php(620): CodeIgniter\Database\BaseConnection->simpleQuery('SELECT *\nFROM `...')
#3 C:\xampp\htdocs\simasjid\system\Database\BaseBuilder.php(1585): CodeIgniter\Database\BaseConnection->query('SELECT *\nFROM `...', Array, false)
#4 C:\xampp\htdocs\simasjid\app\Models\ModelLogin.php(14): CodeIgniter\Database\BaseBuilder->get()
#5 C:\xampp\htdocs\simasjid\app\Controllers\Login.php(45): App\Models\ModelLogin->CekUser('sigitpramono199...', 'wwe')
#6 C:\xampp\htdocs\simasjid\system\CodeIgniter.php(904): App\Controllers\Login->CekLogin()
#7 C:\xampp\htdocs\simasjid\system\CodeIgniter.php(457): CodeIgniter\CodeIgniter->runController(Object(App\Controllers\Login))
#8 C:\xampp\htdocs\simasjid\system\CodeIgniter.php(340): CodeIgniter\CodeIgniter->handleRequest(NULL, Object(Config\Cache), false)
#9 C:\xampp\htdocs\simasjid\public\index.php(67): CodeIgniter\CodeIgniter->run()
#10 {main}
CRITICAL - 2023-02-02 03:07:39 --> Call to a member function getRowArray() on bool
in APPPATH\Models\ModelLogin.php on line 14.
 1 APPPATH\Controllers\Login.php(45): App\Models\ModelLogin->CekUser('sigitpramono1990@gmail.com', 'wwe')
 2 SYSTEMPATH\CodeIgniter.php(904): App\Controllers\Login->CekLogin()
 3 SYSTEMPATH\CodeIgniter.php(457): CodeIgniter\CodeIgniter->runController(Object(App\Controllers\Login))
 4 SYSTEMPATH\CodeIgniter.php(340): CodeIgniter\CodeIgniter->handleRequest(null, Object(Config\Cache), false)
 5 FCPATH\index.php(67): CodeIgniter\CodeIgniter->run()
ERROR - 2023-02-02 03:09:53 --> mysqli_sql_exception: Table 'db-simasjid.tbl_user' doesn't exist in C:\xampp\htdocs\simasjid\system\Database\MySQLi\Connection.php:292
Stack trace:
#0 C:\xampp\htdocs\simasjid\system\Database\MySQLi\Connection.php(292): mysqli->query('SELECT *\nFROM `...', 0)
#1 C:\xampp\htdocs\simasjid\system\Database\BaseConnection.php(693): CodeIgniter\Database\MySQLi\Connection->execute('SELECT *\nFROM `...')
#2 C:\xampp\htdocs\simasjid\system\Database\BaseConnection.php(620): CodeIgniter\Database\BaseConnection->simpleQuery('SELECT *\nFROM `...')
#3 C:\xampp\htdocs\simasjid\system\Database\BaseBuilder.php(1585): CodeIgniter\Database\BaseConnection->query('SELECT *\nFROM `...', Array, false)
#4 C:\xampp\htdocs\simasjid\app\Models\ModelLogin.php(14): CodeIgniter\Database\BaseBuilder->get()
#5 C:\xampp\htdocs\simasjid\app\Controllers\Login.php(45): App\Models\ModelLogin->CekUser('sigitpramono199...', 'wwe')
#6 C:\xampp\htdocs\simasjid\system\CodeIgniter.php(904): App\Controllers\Login->CekLogin()
#7 C:\xampp\htdocs\simasjid\system\CodeIgniter.php(457): CodeIgniter\CodeIgniter->runController(Object(App\Controllers\Login))
#8 C:\xampp\htdocs\simasjid\system\CodeIgniter.php(340): CodeIgniter\CodeIgniter->handleRequest(NULL, Object(Config\Cache), false)
#9 C:\xampp\htdocs\simasjid\public\index.php(67): CodeIgniter\CodeIgniter->run()
#10 {main}
CRITICAL - 2023-02-02 03:09:53 --> Call to a member function getRowArray() on bool
in APPPATH\Models\ModelLogin.php on line 14.
 1 APPPATH\Controllers\Login.php(45): App\Models\ModelLogin->CekUser('sigitpramono1990@gmail.com', 'wwe')
 2 SYSTEMPATH\CodeIgniter.php(904): App\Controllers\Login->CekLogin()
 3 SYSTEMPATH\CodeIgniter.php(457): CodeIgniter\CodeIgniter->runController(Object(App\Controllers\Login))
 4 SYSTEMPATH\CodeIgniter.php(340): CodeIgniter\CodeIgniter->handleRequest(null, Object(Config\Cache), false)
 5 FCPATH\index.php(67): CodeIgniter\CodeIgniter->run()
ERROR - 2023-02-02 03:12:32 --> mysqli_sql_exception: Table 'db-simasjid.tbl_user' doesn't exist in C:\xampp\htdocs\simasjid\system\Database\MySQLi\Connection.php:292
Stack trace:
#0 C:\xampp\htdocs\simasjid\system\Database\MySQLi\Connection.php(292): mysqli->query('SELECT *\nFROM `...', 0)
#1 C:\xampp\htdocs\simasjid\system\Database\BaseConnection.php(693): CodeIgniter\Database\MySQLi\Connection->execute('SELECT *\nFROM `...')
#2 C:\xampp\htdocs\simasjid\system\Database\BaseConnection.php(620): CodeIgniter\Database\BaseConnection->simpleQuery('SELECT *\nFROM `...')
#3 C:\xampp\htdocs\simasjid\system\Database\BaseBuilder.php(1585): CodeIgniter\Database\BaseConnection->query('SELECT *\nFROM `...', Array, false)
#4 C:\xampp\htdocs\simasjid\app\Models\ModelLogin.php(14): CodeIgniter\Database\BaseBuilder->get()
#5 C:\xampp\htdocs\simasjid\app\Controllers\Login.php(45): App\Models\ModelLogin->CekUser('jaka_sembung@gm...', 'ewwe')
#6 C:\xampp\htdocs\simasjid\system\CodeIgniter.php(904): App\Controllers\Login->CekLogin()
#7 C:\xampp\htdocs\simasjid\system\CodeIgniter.php(457): CodeIgniter\CodeIgniter->runController(Object(App\Controllers\Login))
#8 C:\xampp\htdocs\simasjid\system\CodeIgniter.php(340): CodeIgniter\CodeIgniter->handleRequest(NULL, Object(Config\Cache), false)
#9 C:\xampp\htdocs\simasjid\public\index.php(67): CodeIgniter\CodeIgniter->run()
#10 {main}
CRITICAL - 2023-02-02 03:12:32 --> Call to a member function getRowArray() on bool
in APPPATH\Models\ModelLogin.php on line 14.
 1 APPPATH\Controllers\Login.php(45): App\Models\ModelLogin->CekUser('jaka_sembung@gmail.com', 'ewwe')
 2 SYSTEMPATH\CodeIgniter.php(904): App\Controllers\Login->CekLogin()
 3 SYSTEMPATH\CodeIgniter.php(457): CodeIgniter\CodeIgniter->runController(Object(App\Controllers\Login))
 4 SYSTEMPATH\CodeIgniter.php(340): CodeIgniter\CodeIgniter->handleRequest(null, Object(Config\Cache), false)
 5 FCPATH\index.php(67): CodeIgniter\CodeIgniter->run()
ERROR - 2023-02-02 03:29:59 --> mysqli_sql_exception: Table 'db-simasjid.tbl_user' doesn't exist in C:\xampp\htdocs\simasjid\system\Database\MySQLi\Connection.php:292
Stack trace:
#0 C:\xampp\htdocs\simasjid\system\Database\MySQLi\Connection.php(292): mysqli->query('SELECT *\nFROM `...', 0)
#1 C:\xampp\htdocs\simasjid\system\Database\BaseConnection.php(693): CodeIgniter\Database\MySQLi\Connection->execute('SELECT *\nFROM `...')
#2 C:\xampp\htdocs\simasjid\system\Database\BaseConnection.php(620): CodeIgniter\Database\BaseConnection->simpleQuery('SELECT *\nFROM `...')
#3 C:\xampp\htdocs\simasjid\system\Database\BaseBuilder.php(1585): CodeIgniter\Database\BaseConnection->query('SELECT *\nFROM `...', Array, false)
#4 C:\xampp\htdocs\simasjid\app\Models\ModelLogin.php(14): CodeIgniter\Database\BaseBuilder->get()
#5 C:\xampp\htdocs\simasjid\app\Controllers\Login.php(45): App\Models\ModelLogin->CekUser('jaka_sembung@gm...', 'ererer')
#6 C:\xampp\htdocs\simasjid\system\CodeIgniter.php(904): App\Controllers\Login->CekLogin()
#7 C:\xampp\htdocs\simasjid\system\CodeIgniter.php(457): CodeIgniter\CodeIgniter->runController(Object(App\Controllers\Login))
#8 C:\xampp\htdocs\simasjid\system\CodeIgniter.php(340): CodeIgniter\CodeIgniter->handleRequest(NULL, Object(Config\Cache), false)
#9 C:\xampp\htdocs\simasjid\public\index.php(67): CodeIgniter\CodeIgniter->run()
#10 {main}
CRITICAL - 2023-02-02 03:29:59 --> Call to a member function getRowArray() on bool
in APPPATH\Models\ModelLogin.php on line 14.
 1 APPPATH\Controllers\Login.php(45): App\Models\ModelLogin->CekUser('jaka_sembung@gmail.com', 'ererer')
 2 SYSTEMPATH\CodeIgniter.php(904): App\Controllers\Login->CekLogin()
 3 SYSTEMPATH\CodeIgniter.php(457): CodeIgniter\CodeIgniter->runController(Object(App\Controllers\Login))
 4 SYSTEMPATH\CodeIgniter.php(340): CodeIgniter\CodeIgniter->handleRequest(null, Object(Config\Cache), false)
 5 FCPATH\index.php(67): CodeIgniter\CodeIgniter->run()
CRITICAL - 2023-02-02 03:31:52 --> syntax error, unexpected '}', expecting ';'
in APPPATH\Models\ModelLogin.php on line 14.
 1 SYSTEMPATH\Autoloader\Autoloader.php(259): CodeIgniter\Autoloader\Autoloader->includeFile('APPPATH\\Models\\ModelLogin.php')
 2 SYSTEMPATH\Autoloader\Autoloader.php(237): CodeIgniter\Autoloader\Autoloader->loadInNamespace('App\\Models\\ModelLogin')
 3 [internal function]: CodeIgniter\Autoloader\Autoloader->loadClass('App\\Models\\ModelLogin')
 4 APPPATH\Controllers\Login.php(13): spl_autoload_call('App\\Models\\ModelLogin')
 5 SYSTEMPATH\CodeIgniter.php(866): App\Controllers\Login->__construct()
 6 SYSTEMPATH\CodeIgniter.php(448): CodeIgniter\CodeIgniter->createController()
 7 SYSTEMPATH\CodeIgniter.php(340): CodeIgniter\CodeIgniter->handleRequest(null, Object(Config\Cache), false)
 8 FCPATH\index.php(67): CodeIgniter\CodeIgniter->run()
CRITICAL - 2023-02-02 03:31:55 --> syntax error, unexpected '}', expecting ';'
in APPPATH\Models\ModelLogin.php on line 14.
 1 SYSTEMPATH\Autoloader\Autoloader.php(259): CodeIgniter\Autoloader\Autoloader->includeFile('APPPATH\\Models\\ModelLogin.php')
 2 SYSTEMPATH\Autoloader\Autoloader.php(237): CodeIgniter\Autoloader\Autoloader->loadInNamespace('App\\Models\\ModelLogin')
 3 [internal function]: CodeIgniter\Autoloader\Autoloader->loadClass('App\\Models\\ModelLogin')
 4 APPPATH\Controllers\Login.php(13): spl_autoload_call('App\\Models\\ModelLogin')
 5 SYSTEMPATH\CodeIgniter.php(866): App\Controllers\Login->__construct()
 6 SYSTEMPATH\CodeIgniter.php(448): CodeIgniter\CodeIgniter->createController()
 7 SYSTEMPATH\CodeIgniter.php(340): CodeIgniter\CodeIgniter->handleRequest(null, Object(Config\Cache), false)
 8 FCPATH\index.php(67): CodeIgniter\CodeIgniter->run()
ERROR - 2023-02-02 03:32:33 --> mysqli_sql_exception: Table 'db-simasjid.tbl_user' doesn't exist in C:\xampp\htdocs\simasjid\system\Database\MySQLi\Connection.php:292
Stack trace:
#0 C:\xampp\htdocs\simasjid\system\Database\MySQLi\Connection.php(292): mysqli->query('SELECT *\nFROM `...', 0)
#1 C:\xampp\htdocs\simasjid\system\Database\BaseConnection.php(693): CodeIgniter\Database\MySQLi\Connection->execute('SELECT *\nFROM `...')
#2 C:\xampp\htdocs\simasjid\system\Database\BaseConnection.php(620): CodeIgniter\Database\BaseConnection->simpleQuery('SELECT *\nFROM `...')
#3 C:\xampp\htdocs\simasjid\system\Database\BaseBuilder.php(1585): CodeIgniter\Database\BaseConnection->query('SELECT *\nFROM `...', Array, false)
#4 C:\xampp\htdocs\simasjid\app\Models\ModelLogin.php(14): CodeIgniter\Database\BaseBuilder->get()
#5 C:\xampp\htdocs\simasjid\app\Controllers\Login.php(45): App\Models\ModelLogin->CekUser('haha@gmail.com', 'sqw')
#6 C:\xampp\htdocs\simasjid\system\CodeIgniter.php(904): App\Controllers\Login->CekLogin()
#7 C:\xampp\htdocs\simasjid\system\CodeIgniter.php(457): CodeIgniter\CodeIgniter->runController(Object(App\Controllers\Login))
#8 C:\xampp\htdocs\simasjid\system\CodeIgniter.php(340): CodeIgniter\CodeIgniter->handleRequest(NULL, Object(Config\Cache), false)
#9 C:\xampp\htdocs\simasjid\public\index.php(67): CodeIgniter\CodeIgniter->run()
#10 {main}
CRITICAL - 2023-02-02 03:32:33 --> Call to a member function getRowArray() on bool
in APPPATH\Models\ModelLogin.php on line 14.
 1 APPPATH\Controllers\Login.php(45): App\Models\ModelLogin->CekUser('haha@gmail.com', 'sqw')
 2 SYSTEMPATH\CodeIgniter.php(904): App\Controllers\Login->CekLogin()
 3 SYSTEMPATH\CodeIgniter.php(457): CodeIgniter\CodeIgniter->runController(Object(App\Controllers\Login))
 4 SYSTEMPATH\CodeIgniter.php(340): CodeIgniter\CodeIgniter->handleRequest(null, Object(Config\Cache), false)
 5 FCPATH\index.php(67): CodeIgniter\CodeIgniter->run()
ERROR - 2023-02-02 03:33:05 --> mysqli_sql_exception: Table 'db-simasjid.tbl_user' doesn't exist in C:\xampp\htdocs\simasjid\system\Database\MySQLi\Connection.php:292
Stack trace:
#0 C:\xampp\htdocs\simasjid\system\Database\MySQLi\Connection.php(292): mysqli->query('SELECT *\nFROM `...', 0)
#1 C:\xampp\htdocs\simasjid\system\Database\BaseConnection.php(693): CodeIgniter\Database\MySQLi\Connection->execute('SELECT *\nFROM `...')
#2 C:\xampp\htdocs\simasjid\system\Database\BaseConnection.php(620): CodeIgniter\Database\BaseConnection->simpleQuery('SELECT *\nFROM `...')
#3 C:\xampp\htdocs\simasjid\system\Database\BaseBuilder.php(1585): CodeIgniter\Database\BaseConnection->query('SELECT *\nFROM `...', Array, false)
#4 C:\xampp\htdocs\simasjid\app\Models\ModelLogin.php(14): CodeIgniter\Database\BaseBuilder->get()
#5 C:\xampp\htdocs\simasjid\app\Controllers\Login.php(45): App\Models\ModelLogin->CekUser('haha@gmail.com', 'sqw')
#6 C:\xampp\htdocs\simasjid\system\CodeIgniter.php(904): App\Controllers\Login->CekLogin()
#7 C:\xampp\htdocs\simasjid\system\CodeIgniter.php(457): CodeIgniter\CodeIgniter->runController(Object(App\Controllers\Login))
#8 C:\xampp\htdocs\simasjid\system\CodeIgniter.php(340): CodeIgniter\CodeIgniter->handleRequest(NULL, Object(Config\Cache), false)
#9 C:\xampp\htdocs\simasjid\public\index.php(67): CodeIgniter\CodeIgniter->run()
#10 {main}
CRITICAL - 2023-02-02 03:33:05 --> Call to a member function getRowArray() on bool
in APPPATH\Models\ModelLogin.php on line 14.
 1 APPPATH\Controllers\Login.php(45): App\Models\ModelLogin->CekUser('haha@gmail.com', 'sqw')
 2 SYSTEMPATH\CodeIgniter.php(904): App\Controllers\Login->CekLogin()
 3 SYSTEMPATH\CodeIgniter.php(457): CodeIgniter\CodeIgniter->runController(Object(App\Controllers\Login))
 4 SYSTEMPATH\CodeIgniter.php(340): CodeIgniter\CodeIgniter->handleRequest(null, Object(Config\Cache), false)
 5 FCPATH\index.php(67): CodeIgniter\CodeIgniter->run()
ERROR - 2023-02-02 03:33:19 --> mysqli_sql_exception: Table 'db-simasjid.tbl_user' doesn't exist in C:\xampp\htdocs\simasjid\system\Database\MySQLi\Connection.php:292
Stack trace:
#0 C:\xampp\htdocs\simasjid\system\Database\MySQLi\Connection.php(292): mysqli->query('SELECT *\nFROM `...', 0)
#1 C:\xampp\htdocs\simasjid\system\Database\BaseConnection.php(693): CodeIgniter\Database\MySQLi\Connection->execute('SELECT *\nFROM `...')
#2 C:\xampp\htdocs\simasjid\system\Database\BaseConnection.php(620): CodeIgniter\Database\BaseConnection->simpleQuery('SELECT *\nFROM `...')
#3 C:\xampp\htdocs\simasjid\system\Database\BaseBuilder.php(1585): CodeIgniter\Database\BaseConnection->query('SELECT *\nFROM `...', Array, false)
#4 C:\xampp\htdocs\simasjid\app\Models\ModelLogin.php(14): CodeIgniter\Database\BaseBuilder->get()
#5 C:\xampp\htdocs\simasjid\app\Controllers\Login.php(45): App\Models\ModelLogin->CekUser('haha@gmail.com', 'sqw')
#6 C:\xampp\htdocs\simasjid\system\CodeIgniter.php(904): App\Controllers\Login->CekLogin()
#7 C:\xampp\htdocs\simasjid\system\CodeIgniter.php(457): CodeIgniter\CodeIgniter->runController(Object(App\Controllers\Login))
#8 C:\xampp\htdocs\simasjid\system\CodeIgniter.php(340): CodeIgniter\CodeIgniter->handleRequest(NULL, Object(Config\Cache), false)
#9 C:\xampp\htdocs\simasjid\public\index.php(67): CodeIgniter\CodeIgniter->run()
#10 {main}
CRITICAL - 2023-02-02 03:33:19 --> Call to a member function getRowArray() on bool
in APPPATH\Models\ModelLogin.php on line 14.
 1 APPPATH\Controllers\Login.php(45): App\Models\ModelLogin->CekUser('haha@gmail.com', 'sqw')
 2 SYSTEMPATH\CodeIgniter.php(904): App\Controllers\Login->CekLogin()
 3 SYSTEMPATH\CodeIgniter.php(457): CodeIgniter\CodeIgniter->runController(Object(App\Controllers\Login))
 4 SYSTEMPATH\CodeIgniter.php(340): CodeIgniter\CodeIgniter->handleRequest(null, Object(Config\Cache), false)
 5 FCPATH\index.php(67): CodeIgniter\CodeIgniter->run()
ERROR - 2023-02-02 03:37:00 --> mysqli_sql_exception: Table 'db-simasjid.tbl_user' doesn't exist in C:\xampp\htdocs\simasjid\system\Database\MySQLi\Connection.php:292
Stack trace:
#0 C:\xampp\htdocs\simasjid\system\Database\MySQLi\Connection.php(292): mysqli->query('SELECT *\nFROM `...', 0)
#1 C:\xampp\htdocs\simasjid\system\Database\BaseConnection.php(693): CodeIgniter\Database\MySQLi\Connection->execute('SELECT *\nFROM `...')
#2 C:\xampp\htdocs\simasjid\system\Database\BaseConnection.php(620): CodeIgniter\Database\BaseConnection->simpleQuery('SELECT *\nFROM `...')
#3 C:\xampp\htdocs\simasjid\system\Database\BaseBuilder.php(1585): CodeIgniter\Database\BaseConnection->query('SELECT *\nFROM `...', Array, false)
#4 C:\xampp\htdocs\simasjid\app\Models\ModelLogin.php(14): CodeIgniter\Database\BaseBuilder->get()
#5 C:\xampp\htdocs\simasjid\app\Controllers\Login.php(45): App\Models\ModelLogin->CekUser('haha@gmail.com', 'sqw')
#6 C:\xampp\htdocs\simasjid\system\CodeIgniter.php(904): App\Controllers\Login->CekLogin()
#7 C:\xampp\htdocs\simasjid\system\CodeIgniter.php(457): CodeIgniter\CodeIgniter->runController(Object(App\Controllers\Login))
#8 C:\xampp\htdocs\simasjid\system\CodeIgniter.php(340): CodeIgniter\CodeIgniter->handleRequest(NULL, Object(Config\Cache), false)
#9 C:\xampp\htdocs\simasjid\public\index.php(67): CodeIgniter\CodeIgniter->run()
#10 {main}
CRITICAL - 2023-02-02 03:37:00 --> Call to a member function getRowArray() on bool
in APPPATH\Models\ModelLogin.php on line 14.
 1 APPPATH\Controllers\Login.php(45): App\Models\ModelLogin->CekUser('haha@gmail.com', 'sqw')
 2 SYSTEMPATH\CodeIgniter.php(904): App\Controllers\Login->CekLogin()
 3 SYSTEMPATH\CodeIgniter.php(457): CodeIgniter\CodeIgniter->runController(Object(App\Controllers\Login))
 4 SYSTEMPATH\CodeIgniter.php(340): CodeIgniter\CodeIgniter->handleRequest(null, Object(Config\Cache), false)
 5 FCPATH\index.php(67): CodeIgniter\CodeIgniter->run()
ERROR - 2023-02-02 03:37:08 --> mysqli_sql_exception: Table 'db-simasjid.tbl_user' doesn't exist in C:\xampp\htdocs\simasjid\system\Database\MySQLi\Connection.php:292
Stack trace:
#0 C:\xampp\htdocs\simasjid\system\Database\MySQLi\Connection.php(292): mysqli->query('SELECT *\nFROM `...', 0)
#1 C:\xampp\htdocs\simasjid\system\Database\BaseConnection.php(693): CodeIgniter\Database\MySQLi\Connection->execute('SELECT *\nFROM `...')
#2 C:\xampp\htdocs\simasjid\system\Database\BaseConnection.php(620): CodeIgniter\Database\BaseConnection->simpleQuery('SELECT *\nFROM `...')
#3 C:\xampp\htdocs\simasjid\system\Database\BaseBuilder.php(1585): CodeIgniter\Database\BaseConnection->query('SELECT *\nFROM `...', Array, false)
#4 C:\xampp\htdocs\simasjid\app\Models\ModelLogin.php(14): CodeIgniter\Database\BaseBuilder->get()
#5 C:\xampp\htdocs\simasjid\app\Controllers\Login.php(45): App\Models\ModelLogin->CekUser('haha@gmail.com', 'k')
#6 C:\xampp\htdocs\simasjid\system\CodeIgniter.php(904): App\Controllers\Login->CekLogin()
#7 C:\xampp\htdocs\simasjid\system\CodeIgniter.php(457): CodeIgniter\CodeIgniter->runController(Object(App\Controllers\Login))
#8 C:\xampp\htdocs\simasjid\system\CodeIgniter.php(340): CodeIgniter\CodeIgniter->handleRequest(NULL, Object(Config\Cache), false)
#9 C:\xampp\htdocs\simasjid\public\index.php(67): CodeIgniter\CodeIgniter->run()
#10 {main}
CRITICAL - 2023-02-02 03:37:08 --> Call to a member function getRowArray() on bool
in APPPATH\Models\ModelLogin.php on line 14.
 1 APPPATH\Controllers\Login.php(45): App\Models\ModelLogin->CekUser('haha@gmail.com', 'k')
 2 SYSTEMPATH\CodeIgniter.php(904): App\Controllers\Login->CekLogin()
 3 SYSTEMPATH\CodeIgniter.php(457): CodeIgniter\CodeIgniter->runController(Object(App\Controllers\Login))
 4 SYSTEMPATH\CodeIgniter.php(340): CodeIgniter\CodeIgniter->handleRequest(null, Object(Config\Cache), false)
 5 FCPATH\index.php(67): CodeIgniter\CodeIgniter->run()
ERROR - 2023-02-02 03:39:33 --> mysqli_sql_exception: Table 'db-simasjid.tbl_user' doesn't exist in C:\xampp\htdocs\simasjid\system\Database\MySQLi\Connection.php:292
Stack trace:
#0 C:\xampp\htdocs\simasjid\system\Database\MySQLi\Connection.php(292): mysqli->query('SELECT *\nFROM `...', 0)
#1 C:\xampp\htdocs\simasjid\system\Database\BaseConnection.php(693): CodeIgniter\Database\MySQLi\Connection->execute('SELECT *\nFROM `...')
#2 C:\xampp\htdocs\simasjid\system\Database\BaseConnection.php(620): CodeIgniter\Database\BaseConnection->simpleQuery('SELECT *\nFROM `...')
#3 C:\xampp\htdocs\simasjid\system\Database\BaseBuilder.php(1585): CodeIgniter\Database\BaseConnection->query('SELECT *\nFROM `...', Array, false)
#4 C:\xampp\htdocs\simasjid\app\Models\ModelLogin.php(14): CodeIgniter\Database\BaseBuilder->get()
#5 C:\xampp\htdocs\simasjid\app\Controllers\Login.php(45): App\Models\ModelLogin->CekUser('haha@gmail.com', 'k')
#6 C:\xampp\htdocs\simasjid\system\CodeIgniter.php(904): App\Controllers\Login->CekLogin()
#7 C:\xampp\htdocs\simasjid\system\CodeIgniter.php(457): CodeIgniter\CodeIgniter->runController(Object(App\Controllers\Login))
#8 C:\xampp\htdocs\simasjid\system\CodeIgniter.php(340): CodeIgniter\CodeIgniter->handleRequest(NULL, Object(Config\Cache), false)
#9 C:\xampp\htdocs\simasjid\public\index.php(67): CodeIgniter\CodeIgniter->run()
#10 {main}
CRITICAL - 2023-02-02 03:39:33 --> Call to a member function getRowArray() on bool
in APPPATH\Models\ModelLogin.php on line 14.
 1 APPPATH\Controllers\Login.php(45): App\Models\ModelLogin->CekUser('haha@gmail.com', 'k')
 2 SYSTEMPATH\CodeIgniter.php(904): App\Controllers\Login->CekLogin()
 3 SYSTEMPATH\CodeIgniter.php(457): CodeIgniter\CodeIgniter->runController(Object(App\Controllers\Login))
 4 SYSTEMPATH\CodeIgniter.php(340): CodeIgniter\CodeIgniter->handleRequest(null, Object(Config\Cache), false)
 5 FCPATH\index.php(67): CodeIgniter\CodeIgniter->run()
CRITICAL - 2023-02-02 03:50:46 --> syntax error, unexpected 'else' (T_ELSE)
in APPPATH\Controllers\Login.php on line 50.
 1 SYSTEMPATH\Router\Router.php(499): CodeIgniter\Router\AutoRouter->getRoute('Login/CekLogin')
 2 SYSTEMPATH\Router\Router.php(205): CodeIgniter\Router\Router->autoRoute('Login/CekLogin')
 3 SYSTEMPATH\CodeIgniter.php(779): CodeIgniter\Router\Router->handle('Login/CekLogin')
 4 SYSTEMPATH\CodeIgniter.php(406): CodeIgniter\CodeIgniter->tryToRouteIt(Object(CodeIgniter\Router\RouteCollection))
 5 SYSTEMPATH\CodeIgniter.php(340): CodeIgniter\CodeIgniter->handleRequest(null, Object(Config\Cache), false)
 6 FCPATH\index.php(67): CodeIgniter\CodeIgniter->run()
CRITICAL - 2023-02-02 03:50:59 --> syntax error, unexpected 'else' (T_ELSE)
in APPPATH\Controllers\Login.php on line 50.
 1 SYSTEMPATH\Router\Router.php(499): CodeIgniter\Router\AutoRouter->getRoute('Login')
 2 SYSTEMPATH\Router\Router.php(205): CodeIgniter\Router\Router->autoRoute('Login')
 3 SYSTEMPATH\CodeIgniter.php(779): CodeIgniter\Router\Router->handle('Login')
 4 SYSTEMPATH\CodeIgniter.php(406): CodeIgniter\CodeIgniter->tryToRouteIt(Object(CodeIgniter\Router\RouteCollection))
 5 SYSTEMPATH\CodeIgniter.php(340): CodeIgniter\CodeIgniter->handleRequest(null, Object(Config\Cache), false)
 6 FCPATH\index.php(67): CodeIgniter\CodeIgniter->run()
CRITICAL - 2023-02-02 03:51:26 --> syntax error, unexpected 'else' (T_ELSE)
in APPPATH\Controllers\Login.php on line 51.
 1 SYSTEMPATH\Router\Router.php(499): CodeIgniter\Router\AutoRouter->getRoute('Login')
 2 SYSTEMPATH\Router\Router.php(205): CodeIgniter\Router\Router->autoRoute('Login')
 3 SYSTEMPATH\CodeIgniter.php(779): CodeIgniter\Router\Router->handle('Login')
 4 SYSTEMPATH\CodeIgniter.php(406): CodeIgniter\CodeIgniter->tryToRouteIt(Object(CodeIgniter\Router\RouteCollection))
 5 SYSTEMPATH\CodeIgniter.php(340): CodeIgniter\CodeIgniter->handleRequest(null, Object(Config\Cache), false)
 6 FCPATH\index.php(67): CodeIgniter\CodeIgniter->run()
CRITICAL - 2023-02-02 03:52:03 --> syntax error, unexpected 'else' (T_ELSE)
in APPPATH\Controllers\Login.php on line 52.
 1 SYSTEMPATH\Router\Router.php(499): CodeIgniter\Router\AutoRouter->getRoute('Login')
 2 SYSTEMPATH\Router\Router.php(205): CodeIgniter\Router\Router->autoRoute('Login')
 3 SYSTEMPATH\CodeIgniter.php(779): CodeIgniter\Router\Router->handle('Login')
 4 SYSTEMPATH\CodeIgniter.php(406): CodeIgniter\CodeIgniter->tryToRouteIt(Object(CodeIgniter\Router\RouteCollection))
 5 SYSTEMPATH\CodeIgniter.php(340): CodeIgniter\CodeIgniter->handleRequest(null, Object(Config\Cache), false)
 6 FCPATH\index.php(67): CodeIgniter\CodeIgniter->run()
CRITICAL - 2023-02-02 03:52:18 --> syntax error, unexpected 'else' (T_ELSE)
in APPPATH\Controllers\Login.php on line 52.
 1 SYSTEMPATH\Router\Router.php(499): CodeIgniter\Router\AutoRouter->getRoute('Login')
 2 SYSTEMPATH\Router\Router.php(205): CodeIgniter\Router\Router->autoRoute('Login')
 3 SYSTEMPATH\CodeIgniter.php(779): CodeIgniter\Router\Router->handle('Login')
 4 SYSTEMPATH\CodeIgniter.php(406): CodeIgniter\CodeIgniter->tryToRouteIt(Object(CodeIgniter\Router\RouteCollection))
 5 SYSTEMPATH\CodeIgniter.php(340): CodeIgniter\CodeIgniter->handleRequest(null, Object(Config\Cache), false)
 6 FCPATH\index.php(67): CodeIgniter\CodeIgniter->run()
CRITICAL - 2023-02-02 03:52:37 --> syntax error, unexpected 'else' (T_ELSE)
in APPPATH\Controllers\Login.php on line 52.
 1 SYSTEMPATH\Router\Router.php(499): CodeIgniter\Router\AutoRouter->getRoute('Login')
 2 SYSTEMPATH\Router\Router.php(205): CodeIgniter\Router\Router->autoRoute('Login')
 3 SYSTEMPATH\CodeIgniter.php(779): CodeIgniter\Router\Router->handle('Login')
 4 SYSTEMPATH\CodeIgniter.php(406): CodeIgniter\CodeIgniter->tryToRouteIt(Object(CodeIgniter\Router\RouteCollection))
 5 SYSTEMPATH\CodeIgniter.php(340): CodeIgniter\CodeIgniter->handleRequest(null, Object(Config\Cache), false)
 6 FCPATH\index.php(67): CodeIgniter\CodeIgniter->run()
ERROR - 2023-02-02 03:53:07 --> mysqli_sql_exception: Table 'db-simasjid.tbl_user' doesn't exist in C:\xampp\htdocs\simasjid\system\Database\MySQLi\Connection.php:292
Stack trace:
#0 C:\xampp\htdocs\simasjid\system\Database\MySQLi\Connection.php(292): mysqli->query('SELECT *\nFROM `...', 0)
#1 C:\xampp\htdocs\simasjid\system\Database\BaseConnection.php(693): CodeIgniter\Database\MySQLi\Connection->execute('SELECT *\nFROM `...')
#2 C:\xampp\htdocs\simasjid\system\Database\BaseConnection.php(620): CodeIgniter\Database\BaseConnection->simpleQuery('SELECT *\nFROM `...')
#3 C:\xampp\htdocs\simasjid\system\Database\BaseBuilder.php(1585): CodeIgniter\Database\BaseConnection->query('SELECT *\nFROM `...', Array, false)
#4 C:\xampp\htdocs\simasjid\app\Models\ModelLogin.php(14): CodeIgniter\Database\BaseBuilder->get()
#5 C:\xampp\htdocs\simasjid\app\Controllers\Login.php(45): App\Models\ModelLogin->CekUser('jaka_sembung@gm...', 'asaad')
#6 C:\xampp\htdocs\simasjid\system\CodeIgniter.php(904): App\Controllers\Login->CekLogin()
#7 C:\xampp\htdocs\simasjid\system\CodeIgniter.php(457): CodeIgniter\CodeIgniter->runController(Object(App\Controllers\Login))
#8 C:\xampp\htdocs\simasjid\system\CodeIgniter.php(340): CodeIgniter\CodeIgniter->handleRequest(NULL, Object(Config\Cache), false)
#9 C:\xampp\htdocs\simasjid\public\index.php(67): CodeIgniter\CodeIgniter->run()
#10 {main}
CRITICAL - 2023-02-02 03:53:07 --> Call to a member function getRowArray() on bool
in APPPATH\Models\ModelLogin.php on line 14.
 1 APPPATH\Controllers\Login.php(45): App\Models\ModelLogin->CekUser('jaka_sembung@gmail.com', 'asaad')
 2 SYSTEMPATH\CodeIgniter.php(904): App\Controllers\Login->CekLogin()
 3 SYSTEMPATH\CodeIgniter.php(457): CodeIgniter\CodeIgniter->runController(Object(App\Controllers\Login))
 4 SYSTEMPATH\CodeIgniter.php(340): CodeIgniter\CodeIgniter->handleRequest(null, Object(Config\Cache), false)
 5 FCPATH\index.php(67): CodeIgniter\CodeIgniter->run()
ERROR - 2023-02-02 03:54:07 --> mysqli_sql_exception: Table 'db-simasjid.tbl_user' doesn't exist in C:\xampp\htdocs\simasjid\system\Database\MySQLi\Connection.php:292
Stack trace:
#0 C:\xampp\htdocs\simasjid\system\Database\MySQLi\Connection.php(292): mysqli->query('SELECT *\nFROM `...', 0)
#1 C:\xampp\htdocs\simasjid\system\Database\BaseConnection.php(693): CodeIgniter\Database\MySQLi\Connection->execute('SELECT *\nFROM `...')
#2 C:\xampp\htdocs\simasjid\system\Database\BaseConnection.php(620): CodeIgniter\Database\BaseConnection->simpleQuery('SELECT *\nFROM `...')
#3 C:\xampp\htdocs\simasjid\system\Database\BaseBuilder.php(1585): CodeIgniter\Database\BaseConnection->query('SELECT *\nFROM `...', Array, false)
#4 C:\xampp\htdocs\simasjid\app\Models\ModelLogin.php(14): CodeIgniter\Database\BaseBuilder->get()
#5 C:\xampp\htdocs\simasjid\app\Controllers\Login.php(45): App\Models\ModelLogin->CekUser('jaka_sembung@gm...', 'qeqe')
#6 C:\xampp\htdocs\simasjid\system\CodeIgniter.php(904): App\Controllers\Login->CekLogin()
#7 C:\xampp\htdocs\simasjid\system\CodeIgniter.php(457): CodeIgniter\CodeIgniter->runController(Object(App\Controllers\Login))
#8 C:\xampp\htdocs\simasjid\system\CodeIgniter.php(340): CodeIgniter\CodeIgniter->handleRequest(NULL, Object(Config\Cache), false)
#9 C:\xampp\htdocs\simasjid\public\index.php(67): CodeIgniter\CodeIgniter->run()
#10 {main}
CRITICAL - 2023-02-02 03:54:07 --> Call to a member function getRowArray() on bool
in APPPATH\Models\ModelLogin.php on line 14.
 1 APPPATH\Controllers\Login.php(45): App\Models\ModelLogin->CekUser('jaka_sembung@gmail.com', 'qeqe')
 2 SYSTEMPATH\CodeIgniter.php(904): App\Controllers\Login->CekLogin()
 3 SYSTEMPATH\CodeIgniter.php(457): CodeIgniter\CodeIgniter->runController(Object(App\Controllers\Login))
 4 SYSTEMPATH\CodeIgniter.php(340): CodeIgniter\CodeIgniter->handleRequest(null, Object(Config\Cache), false)
 5 FCPATH\index.php(67): CodeIgniter\CodeIgniter->run()
ERROR - 2023-02-02 03:54:50 --> mysqli_sql_exception: Table 'db-simasjid.tbl_user' doesn't exist in C:\xampp\htdocs\simasjid\system\Database\MySQLi\Connection.php:292
Stack trace:
#0 C:\xampp\htdocs\simasjid\system\Database\MySQLi\Connection.php(292): mysqli->query('SELECT *\nFROM `...', 0)
#1 C:\xampp\htdocs\simasjid\system\Database\BaseConnection.php(693): CodeIgniter\Database\MySQLi\Connection->execute('SELECT *\nFROM `...')
#2 C:\xampp\htdocs\simasjid\system\Database\BaseConnection.php(620): CodeIgniter\Database\BaseConnection->simpleQuery('SELECT *\nFROM `...')
#3 C:\xampp\htdocs\simasjid\system\Database\BaseBuilder.php(1585): CodeIgniter\Database\BaseConnection->query('SELECT *\nFROM `...', Array, false)
#4 C:\xampp\htdocs\simasjid\app\Models\ModelLogin.php(14): CodeIgniter\Database\BaseBuilder->get()
#5 C:\xampp\htdocs\simasjid\app\Controllers\Login.php(45): App\Models\ModelLogin->CekUser('jaka_sembung@gm...', 'qqe')
#6 C:\xampp\htdocs\simasjid\system\CodeIgniter.php(904): App\Controllers\Login->CekLogin()
#7 C:\xampp\htdocs\simasjid\system\CodeIgniter.php(457): CodeIgniter\CodeIgniter->runController(Object(App\Controllers\Login))
#8 C:\xampp\htdocs\simasjid\system\CodeIgniter.php(340): CodeIgniter\CodeIgniter->handleRequest(NULL, Object(Config\Cache), false)
#9 C:\xampp\htdocs\simasjid\public\index.php(67): CodeIgniter\CodeIgniter->run()
#10 {main}
CRITICAL - 2023-02-02 03:54:50 --> Call to a member function getRowArray() on bool
in APPPATH\Models\ModelLogin.php on line 14.
 1 APPPATH\Controllers\Login.php(45): App\Models\ModelLogin->CekUser('jaka_sembung@gmail.com', 'qqe')
 2 SYSTEMPATH\CodeIgniter.php(904): App\Controllers\Login->CekLogin()
 3 SYSTEMPATH\CodeIgniter.php(457): CodeIgniter\CodeIgniter->runController(Object(App\Controllers\Login))
 4 SYSTEMPATH\CodeIgniter.php(340): CodeIgniter\CodeIgniter->handleRequest(null, Object(Config\Cache), false)
 5 FCPATH\index.php(67): CodeIgniter\CodeIgniter->run()
ERROR - 2023-02-02 03:55:17 --> mysqli_sql_exception: Table 'db-simasjid.tbl_user' doesn't exist in C:\xampp\htdocs\simasjid\system\Database\MySQLi\Connection.php:292
Stack trace:
#0 C:\xampp\htdocs\simasjid\system\Database\MySQLi\Connection.php(292): mysqli->query('SELECT *\nFROM `...', 0)
#1 C:\xampp\htdocs\simasjid\system\Database\BaseConnection.php(693): CodeIgniter\Database\MySQLi\Connection->execute('SELECT *\nFROM `...')
#2 C:\xampp\htdocs\simasjid\system\Database\BaseConnection.php(620): CodeIgniter\Database\BaseConnection->simpleQuery('SELECT *\nFROM `...')
#3 C:\xampp\htdocs\simasjid\system\Database\BaseBuilder.php(1585): CodeIgniter\Database\BaseConnection->query('SELECT *\nFROM `...', Array, false)
#4 C:\xampp\htdocs\simasjid\app\Models\ModelLogin.php(14): CodeIgniter\Database\BaseBuilder->get()
#5 C:\xampp\htdocs\simasjid\app\Controllers\Login.php(45): App\Models\ModelLogin->CekUser('jaka_sembung@gm...', 'qqe')
#6 C:\xampp\htdocs\simasjid\system\CodeIgniter.php(904): App\Controllers\Login->CekLogin()
#7 C:\xampp\htdocs\simasjid\system\CodeIgniter.php(457): CodeIgniter\CodeIgniter->runController(Object(App\Controllers\Login))
#8 C:\xampp\htdocs\simasjid\system\CodeIgniter.php(340): CodeIgniter\CodeIgniter->handleRequest(NULL, Object(Config\Cache), false)
#9 C:\xampp\htdocs\simasjid\public\index.php(67): CodeIgniter\CodeIgniter->run()
#10 {main}
CRITICAL - 2023-02-02 03:55:17 --> Call to a member function getRowArray() on bool
in APPPATH\Models\ModelLogin.php on line 14.
 1 APPPATH\Controllers\Login.php(45): App\Models\ModelLogin->CekUser('jaka_sembung@gmail.com', 'qqe')
 2 SYSTEMPATH\CodeIgniter.php(904): App\Controllers\Login->CekLogin()
 3 SYSTEMPATH\CodeIgniter.php(457): CodeIgniter\CodeIgniter->runController(Object(App\Controllers\Login))
 4 SYSTEMPATH\CodeIgniter.php(340): CodeIgniter\CodeIgniter->handleRequest(null, Object(Config\Cache), false)
 5 FCPATH\index.php(67): CodeIgniter\CodeIgniter->run()
ERROR - 2023-02-02 03:55:22 --> mysqli_sql_exception: Table 'db-simasjid.tbl_user' doesn't exist in C:\xampp\htdocs\simasjid\system\Database\MySQLi\Connection.php:292
Stack trace:
#0 C:\xampp\htdocs\simasjid\system\Database\MySQLi\Connection.php(292): mysqli->query('SELECT *\nFROM `...', 0)
#1 C:\xampp\htdocs\simasjid\system\Database\BaseConnection.php(693): CodeIgniter\Database\MySQLi\Connection->execute('SELECT *\nFROM `...')
#2 C:\xampp\htdocs\simasjid\system\Database\BaseConnection.php(620): CodeIgniter\Database\BaseConnection->simpleQuery('SELECT *\nFROM `...')
#3 C:\xampp\htdocs\simasjid\system\Database\BaseBuilder.php(1585): CodeIgniter\Database\BaseConnection->query('SELECT *\nFROM `...', Array, false)
#4 C:\xampp\htdocs\simasjid\app\Models\ModelLogin.php(14): CodeIgniter\Database\BaseBuilder->get()
#5 C:\xampp\htdocs\simasjid\app\Controllers\Login.php(45): App\Models\ModelLogin->CekUser('jaka_sembung@gm...', 'sfsfw')
#6 C:\xampp\htdocs\simasjid\system\CodeIgniter.php(904): App\Controllers\Login->CekLogin()
#7 C:\xampp\htdocs\simasjid\system\CodeIgniter.php(457): CodeIgniter\CodeIgniter->runController(Object(App\Controllers\Login))
#8 C:\xampp\htdocs\simasjid\system\CodeIgniter.php(340): CodeIgniter\CodeIgniter->handleRequest(NULL, Object(Config\Cache), false)
#9 C:\xampp\htdocs\simasjid\public\index.php(67): CodeIgniter\CodeIgniter->run()
#10 {main}
CRITICAL - 2023-02-02 03:55:22 --> Call to a member function getRowArray() on bool
in APPPATH\Models\ModelLogin.php on line 14.
 1 APPPATH\Controllers\Login.php(45): App\Models\ModelLogin->CekUser('jaka_sembung@gmail.com', 'sfsfw')
 2 SYSTEMPATH\CodeIgniter.php(904): App\Controllers\Login->CekLogin()
 3 SYSTEMPATH\CodeIgniter.php(457): CodeIgniter\CodeIgniter->runController(Object(App\Controllers\Login))
 4 SYSTEMPATH\CodeIgniter.php(340): CodeIgniter\CodeIgniter->handleRequest(null, Object(Config\Cache), false)
 5 FCPATH\index.php(67): CodeIgniter\CodeIgniter->run()
ERROR - 2023-02-02 03:56:53 --> mysqli_sql_exception: Table 'db-simasjid.tbl_user' doesn't exist in C:\xampp\htdocs\simasjid\system\Database\MySQLi\Connection.php:292
Stack trace:
#0 C:\xampp\htdocs\simasjid\system\Database\MySQLi\Connection.php(292): mysqli->query('SELECT *\nFROM `...', 0)
#1 C:\xampp\htdocs\simasjid\system\Database\BaseConnection.php(693): CodeIgniter\Database\MySQLi\Connection->execute('SELECT *\nFROM `...')
#2 C:\xampp\htdocs\simasjid\system\Database\BaseConnection.php(620): CodeIgniter\Database\BaseConnection->simpleQuery('SELECT *\nFROM `...')
#3 C:\xampp\htdocs\simasjid\system\Database\BaseBuilder.php(1585): CodeIgniter\Database\BaseConnection->query('SELECT *\nFROM `...', Array, false)
#4 C:\xampp\htdocs\simasjid\app\Models\ModelLogin.php(14): CodeIgniter\Database\BaseBuilder->get()
#5 C:\xampp\htdocs\simasjid\app\Controllers\Login.php(45): App\Models\ModelLogin->CekUser('haha@gmail.com', 'fgfgfgfgfgfg')
#6 C:\xampp\htdocs\simasjid\system\CodeIgniter.php(904): App\Controllers\Login->CekLogin()
#7 C:\xampp\htdocs\simasjid\system\CodeIgniter.php(457): CodeIgniter\CodeIgniter->runController(Object(App\Controllers\Login))
#8 C:\xampp\htdocs\simasjid\system\CodeIgniter.php(340): CodeIgniter\CodeIgniter->handleRequest(NULL, Object(Config\Cache), false)
#9 C:\xampp\htdocs\simasjid\public\index.php(67): CodeIgniter\CodeIgniter->run()
#10 {main}
CRITICAL - 2023-02-02 03:56:53 --> Call to a member function getRowArray() on bool
in APPPATH\Models\ModelLogin.php on line 14.
 1 APPPATH\Controllers\Login.php(45): App\Models\ModelLogin->CekUser('haha@gmail.com', 'fgfgfgfgfgfg')
 2 SYSTEMPATH\CodeIgniter.php(904): App\Controllers\Login->CekLogin()
 3 SYSTEMPATH\CodeIgniter.php(457): CodeIgniter\CodeIgniter->runController(Object(App\Controllers\Login))
 4 SYSTEMPATH\CodeIgniter.php(340): CodeIgniter\CodeIgniter->handleRequest(null, Object(Config\Cache), false)
 5 FCPATH\index.php(67): CodeIgniter\CodeIgniter->run()
ERROR - 2023-02-02 03:58:07 --> mysqli_sql_exception: Table 'db-simasjid.tbl_user' doesn't exist in C:\xampp\htdocs\simasjid\system\Database\MySQLi\Connection.php:292
Stack trace:
#0 C:\xampp\htdocs\simasjid\system\Database\MySQLi\Connection.php(292): mysqli->query('SELECT *\nFROM `...', 0)
#1 C:\xampp\htdocs\simasjid\system\Database\BaseConnection.php(693): CodeIgniter\Database\MySQLi\Connection->execute('SELECT *\nFROM `...')
#2 C:\xampp\htdocs\simasjid\system\Database\BaseConnection.php(620): CodeIgniter\Database\BaseConnection->simpleQuery('SELECT *\nFROM `...')
#3 C:\xampp\htdocs\simasjid\system\Database\BaseBuilder.php(1585): CodeIgniter\Database\BaseConnection->query('SELECT *\nFROM `...', Array, false)
#4 C:\xampp\htdocs\simasjid\app\Models\ModelLogin.php(14): CodeIgniter\Database\BaseBuilder->get()
#5 C:\xampp\htdocs\simasjid\app\Controllers\Login.php(45): App\Models\ModelLogin->CekUser('haha@gmail.com', 'fgfgfgfgfgfg')
#6 C:\xampp\htdocs\simasjid\system\CodeIgniter.php(904): App\Controllers\Login->CekLogin()
#7 C:\xampp\htdocs\simasjid\system\CodeIgniter.php(457): CodeIgniter\CodeIgniter->runController(Object(App\Controllers\Login))
#8 C:\xampp\htdocs\simasjid\system\CodeIgniter.php(340): CodeIgniter\CodeIgniter->handleRequest(NULL, Object(Config\Cache), false)
#9 C:\xampp\htdocs\simasjid\public\index.php(67): CodeIgniter\CodeIgniter->run()
#10 {main}
CRITICAL - 2023-02-02 03:58:07 --> Call to a member function getResultArray() on bool
in APPPATH\Models\ModelLogin.php on line 14.
 1 APPPATH\Controllers\Login.php(45): App\Models\ModelLogin->CekUser('haha@gmail.com', 'fgfgfgfgfgfg')
 2 SYSTEMPATH\CodeIgniter.php(904): App\Controllers\Login->CekLogin()
 3 SYSTEMPATH\CodeIgniter.php(457): CodeIgniter\CodeIgniter->runController(Object(App\Controllers\Login))
 4 SYSTEMPATH\CodeIgniter.php(340): CodeIgniter\CodeIgniter->handleRequest(null, Object(Config\Cache), false)
 5 FCPATH\index.php(67): CodeIgniter\CodeIgniter->run()
ERROR - 2023-02-02 04:00:53 --> mysqli_sql_exception: Table 'db-simasjid.tbl_user' doesn't exist in C:\xampp\htdocs\simasjid\system\Database\MySQLi\Connection.php:292
Stack trace:
#0 C:\xampp\htdocs\simasjid\system\Database\MySQLi\Connection.php(292): mysqli->query('SELECT *\nFROM `...', 0)
#1 C:\xampp\htdocs\simasjid\system\Database\BaseConnection.php(693): CodeIgniter\Database\MySQLi\Connection->execute('SELECT *\nFROM `...')
#2 C:\xampp\htdocs\simasjid\system\Database\BaseConnection.php(620): CodeIgniter\Database\BaseConnection->simpleQuery('SELECT *\nFROM `...')
#3 C:\xampp\htdocs\simasjid\system\Database\BaseBuilder.php(1585): CodeIgniter\Database\BaseConnection->query('SELECT *\nFROM `...', Array, false)
#4 C:\xampp\htdocs\simasjid\app\Models\ModelLogin.php(14): CodeIgniter\Database\BaseBuilder->get()
#5 C:\xampp\htdocs\simasjid\app\Controllers\Login.php(45): App\Models\ModelLogin->CekUser('haha@gmail.com', 'fgfgfgfgfgfg')
#6 C:\xampp\htdocs\simasjid\system\CodeIgniter.php(904): App\Controllers\Login->CekLogin()
#7 C:\xampp\htdocs\simasjid\system\CodeIgniter.php(457): CodeIgniter\CodeIgniter->runController(Object(App\Controllers\Login))
#8 C:\xampp\htdocs\simasjid\system\CodeIgniter.php(340): CodeIgniter\CodeIgniter->handleRequest(NULL, Object(Config\Cache), false)
#9 C:\xampp\htdocs\simasjid\public\index.php(67): CodeIgniter\CodeIgniter->run()
#10 {main}
CRITICAL - 2023-02-02 04:00:53 --> Call to a member function getRowArray() on bool
in APPPATH\Models\ModelLogin.php on line 14.
 1 APPPATH\Controllers\Login.php(45): App\Models\ModelLogin->CekUser('haha@gmail.com', 'fgfgfgfgfgfg')
 2 SYSTEMPATH\CodeIgniter.php(904): App\Controllers\Login->CekLogin()
 3 SYSTEMPATH\CodeIgniter.php(457): CodeIgniter\CodeIgniter->runController(Object(App\Controllers\Login))
 4 SYSTEMPATH\CodeIgniter.php(340): CodeIgniter\CodeIgniter->handleRequest(null, Object(Config\Cache), false)
 5 FCPATH\index.php(67): CodeIgniter\CodeIgniter->run()
ERROR - 2023-02-02 04:00:57 --> mysqli_sql_exception: Table 'db-simasjid.tbl_user' doesn't exist in C:\xampp\htdocs\simasjid\system\Database\MySQLi\Connection.php:292
Stack trace:
#0 C:\xampp\htdocs\simasjid\system\Database\MySQLi\Connection.php(292): mysqli->query('SELECT *\nFROM `...', 0)
#1 C:\xampp\htdocs\simasjid\system\Database\BaseConnection.php(693): CodeIgniter\Database\MySQLi\Connection->execute('SELECT *\nFROM `...')
#2 C:\xampp\htdocs\simasjid\system\Database\BaseConnection.php(620): CodeIgniter\Database\BaseConnection->simpleQuery('SELECT *\nFROM `...')
#3 C:\xampp\htdocs\simasjid\system\Database\BaseBuilder.php(1585): CodeIgniter\Database\BaseConnection->query('SELECT *\nFROM `...', Array, false)
#4 C:\xampp\htdocs\simasjid\app\Models\ModelLogin.php(14): CodeIgniter\Database\BaseBuilder->get()
#5 C:\xampp\htdocs\simasjid\app\Controllers\Login.php(45): App\Models\ModelLogin->CekUser('haha@gmail.com', 'fgfgfgfgfgfg')
#6 C:\xampp\htdocs\simasjid\system\CodeIgniter.php(904): App\Controllers\Login->CekLogin()
#7 C:\xampp\htdocs\simasjid\system\CodeIgniter.php(457): CodeIgniter\CodeIgniter->runController(Object(App\Controllers\Login))
#8 C:\xampp\htdocs\simasjid\system\CodeIgniter.php(340): CodeIgniter\CodeIgniter->handleRequest(NULL, Object(Config\Cache), false)
#9 C:\xampp\htdocs\simasjid\public\index.php(67): CodeIgniter\CodeIgniter->run()
#10 {main}
CRITICAL - 2023-02-02 04:00:57 --> Call to a member function getRowArray() on bool
in APPPATH\Models\ModelLogin.php on line 14.
 1 APPPATH\Controllers\Login.php(45): App\Models\ModelLogin->CekUser('haha@gmail.com', 'fgfgfgfgfgfg')
 2 SYSTEMPATH\CodeIgniter.php(904): App\Controllers\Login->CekLogin()
 3 SYSTEMPATH\CodeIgniter.php(457): CodeIgniter\CodeIgniter->runController(Object(App\Controllers\Login))
 4 SYSTEMPATH\CodeIgniter.php(340): CodeIgniter\CodeIgniter->handleRequest(null, Object(Config\Cache), false)
 5 FCPATH\index.php(67): CodeIgniter\CodeIgniter->run()
